Jun 09, 2020 8:59:34 PM com.sun.faban.driver.engine.MasterImpl configureAgents
INFO: Configuring 1 SearchDriverAgents...
Jun 09, 2020 8:59:37 PM com.sun.faban.driver.engine.MasterImpl executeRun
INFO: Started all threads; run commences in 2998 ms
Jun 09, 2020 9:00:10 PM com.sun.faban.driver.engine.MasterImpl executeRun
INFO: Ramp up completed
Jun 09, 2020 9:20:10 PM com.sun.faban.driver.engine.MasterImpl executeRun
INFO: Steady state completed
Jun 09, 2020 9:20:40 PM com.sun.faban.driver.engine.MasterImpl executeRun
INFO: Ramp down completed
Jun 09, 2020 9:20:40 PM com.sun.faban.driver.engine.MasterImpl getDriverMetrics
INFO: Gathering SearchDriverStats ...
Jun 09, 2020 9:20:40 PM com.sun.faban.driver.engine.MasterImpl generateReports
INFO: Printing Summary report ...
Jun 09, 2020 9:20:40 PM com.sun.faban.driver.engine.MasterImpl generateReports
INFO: Summary finished. Now printing detail ...
Jun 09, 2020 9:20:40 PM com.sun.faban.driver.engine.MasterImpl generateReports
INFO: Detail finished. Results written to /home/cc/elastic-hurryup/db/395.
Jun 09, 2020 9:20:40 PM com.sun.faban.driver.engine.MasterImpl generateReports
INFO: Hash of generated summary.xml file [yK0uLG2/cbkPMUBdfv9eiJ4vVSdYXA38vE3GJf0Q/z3nQHuPbzFog4Mn5BJXw6iCU5J5wrZ6/9bbVxhQiguA0A==]
