Apr 22, 2020 11:25:12 PM com.sun.faban.driver.engine.MasterImpl configureAgents
INFO: Configuring 1 SearchDriverAgents...
Apr 22, 2020 11:25:17 PM com.sun.faban.driver.engine.MasterImpl executeRun
INFO: Started all threads; run commences in 2997 ms
Apr 22, 2020 11:26:20 PM com.sun.faban.driver.engine.MasterImpl executeRun
INFO: Ramp up completed
Apr 22, 2020 11:46:20 PM com.sun.faban.driver.engine.MasterImpl executeRun
INFO: Steady state completed
Apr 22, 2020 11:47:27 PM com.sun.faban.driver.engine.MasterImpl executeRun
INFO: Ramp down completed
Apr 22, 2020 11:47:27 PM com.sun.faban.driver.engine.MasterImpl getDriverMetrics
INFO: Gathering SearchDriverStats ...
Apr 22, 2020 11:47:27 PM com.sun.faban.driver.engine.MasterImpl generateReports
INFO: Printing Summary report ...
Apr 22, 2020 11:47:27 PM com.sun.faban.driver.engine.MasterImpl generateReports
INFO: Summary finished. Now printing detail ...
Apr 22, 2020 11:47:27 PM com.sun.faban.driver.engine.MasterImpl generateReports
INFO: Detail finished. Results written to /home/cc/elastic-hurryup/db/48.
Apr 22, 2020 11:47:27 PM com.sun.faban.driver.engine.MasterImpl generateReports
INFO: Hash of generated summary.xml file [jtp4Bm5S8hIVl4mN4F7jV+ynXnEbtK2MUyJDpLV2Wq4hx0vNBexZINoeCqOlawdsT/l3A0+Yc+wxIQiU3vT/Gw==]
