Sep 23, 2022 12:37:08 PM com.sun.faban.driver.engine.MasterImpl configureAgents
INFO: Configuring 1 SearchDriverAgents...
Sep 23, 2022 12:37:11 PM com.sun.faban.driver.engine.MasterImpl executeRun
INFO: Started all threads; run commences in 2998 ms
Sep 23, 2022 12:38:14 PM com.sun.faban.driver.engine.MasterImpl executeRun
INFO: Ramp up completed
Sep 23, 2022 12:58:14 PM com.sun.faban.driver.engine.MasterImpl executeRun
INFO: Steady state completed
Sep 23, 2022 12:59:14 PM com.sun.faban.driver.engine.MasterImpl executeRun
INFO: Ramp down completed
Sep 23, 2022 12:59:14 PM com.sun.faban.driver.engine.MasterImpl getDriverMetrics
INFO: Gathering SearchDriverStats ...
Sep 23, 2022 12:59:14 PM com.sun.faban.driver.engine.MasterImpl generateReports
INFO: Printing Summary report ...
Sep 23, 2022 12:59:14 PM com.sun.faban.driver.engine.MasterImpl generateReports
INFO: Summary finished. Now printing detail ...
Sep 23, 2022 12:59:14 PM com.sun.faban.driver.engine.MasterImpl generateReports
INFO: Detail finished. Results written to /home/cc/elastic-hurryup/db/30.
Sep 23, 2022 12:59:14 PM com.sun.faban.driver.engine.MasterImpl generateReports
INFO: Hash of generated summary.xml file [WZm9if0X9Xj5ww+EUbCuBhOC2dqKAZKTZWGZ78BIA/JZY/6yRbtkyadUMkh4VvygdlfPr6g9zOYjclFrqzFmKw==]
