Jun 12, 2020 12:41:20 AM com.sun.faban.driver.engine.MasterImpl configureAgents
INFO: Configuring 1 SearchDriverAgents...
Jun 12, 2020 12:41:23 AM com.sun.faban.driver.engine.MasterImpl executeRun
INFO: Started all threads; run commences in 2997 ms
Jun 12, 2020 12:41:56 AM com.sun.faban.driver.engine.MasterImpl executeRun
INFO: Ramp up completed
Jun 12, 2020 12:51:56 AM com.sun.faban.driver.engine.MasterImpl executeRun
INFO: Steady state completed
Jun 12, 2020 12:52:26 AM com.sun.faban.driver.engine.MasterImpl executeRun
INFO: Ramp down completed
Jun 12, 2020 12:52:26 AM com.sun.faban.driver.engine.MasterImpl getDriverMetrics
INFO: Gathering SearchDriverStats ...
Jun 12, 2020 12:52:26 AM com.sun.faban.driver.engine.MasterImpl generateReports
INFO: Printing Summary report ...
Jun 12, 2020 12:52:26 AM com.sun.faban.driver.engine.MasterImpl generateReports
INFO: Summary finished. Now printing detail ...
Jun 12, 2020 12:52:26 AM com.sun.faban.driver.engine.MasterImpl generateReports
INFO: Detail finished. Results written to /home/cc/elastic-hurryup/db/442.
Jun 12, 2020 12:52:27 AM com.sun.faban.driver.engine.MasterImpl generateReports
INFO: Hash of generated summary.xml file [PvUC+P8VT2j4MtlJ2rN9Gb3R67MXfvxDr01PJjbpeaI9pM6BqRzH2UYYPti9EoDrbzUBBYjeHwkcJ1jywWkozg==]
