Apr 29, 2020 12:34:41 AM com.sun.faban.driver.engine.MasterImpl configureAgents
INFO: Configuring 1 SearchDriverAgents...
Apr 29, 2020 12:34:46 AM com.sun.faban.driver.engine.MasterImpl executeRun
INFO: Started all threads; run commences in 2997 ms
Apr 29, 2020 12:35:49 AM com.sun.faban.driver.engine.MasterImpl executeRun
INFO: Ramp up completed
Apr 29, 2020 12:55:49 AM com.sun.faban.driver.engine.MasterImpl executeRun
INFO: Steady state completed
Apr 29, 2020 12:56:49 AM com.sun.faban.driver.engine.MasterImpl executeRun
INFO: Ramp down completed
Apr 29, 2020 12:56:49 AM com.sun.faban.driver.engine.MasterImpl getDriverMetrics
INFO: Gathering SearchDriverStats ...
Apr 29, 2020 12:56:49 AM com.sun.faban.driver.engine.MasterImpl generateReports
INFO: Printing Summary report ...
Apr 29, 2020 12:56:49 AM com.sun.faban.driver.engine.MasterImpl generateReports
INFO: Summary finished. Now printing detail ...
Apr 29, 2020 12:56:49 AM com.sun.faban.driver.engine.MasterImpl generateReports
INFO: Detail finished. Results written to /home/cc/elastic-hurryup/db/81.
Apr 29, 2020 12:56:49 AM com.sun.faban.driver.engine.MasterImpl generateReports
INFO: Hash of generated summary.xml file [plT2sPAr2EBBxHIU9BT3xadJHJ6mPBq14trScpVUvZUpr3e9w4AkZOOnMxdsOgi8l2ZD8AZ+z1woNUvd9XN0yw==]
