Jun 06, 2020 10:00:50 PM com.sun.faban.driver.engine.MasterImpl configureAgents
INFO: Configuring 1 SearchDriverAgents...
Jun 06, 2020 10:00:55 PM com.sun.faban.driver.engine.MasterImpl executeRun
INFO: Started all threads; run commences in 2997 ms
Jun 06, 2020 10:01:28 PM com.sun.faban.driver.engine.MasterImpl executeRun
INFO: Ramp up completed
Jun 06, 2020 10:21:28 PM com.sun.faban.driver.engine.MasterImpl executeRun
INFO: Steady state completed
Jun 06, 2020 10:21:58 PM com.sun.faban.driver.engine.MasterImpl executeRun
INFO: Ramp down completed
Jun 06, 2020 10:21:58 PM com.sun.faban.driver.engine.MasterImpl getDriverMetrics
INFO: Gathering SearchDriverStats ...
Jun 06, 2020 10:21:58 PM com.sun.faban.driver.engine.MasterImpl generateReports
INFO: Printing Summary report ...
Jun 06, 2020 10:21:58 PM com.sun.faban.driver.engine.MasterImpl generateReports
INFO: Summary finished. Now printing detail ...
Jun 06, 2020 10:21:58 PM com.sun.faban.driver.engine.MasterImpl generateReports
INFO: Detail finished. Results written to /home/cc/elastic-hurryup/db/379.
Jun 06, 2020 10:21:58 PM com.sun.faban.driver.engine.MasterImpl generateReports
INFO: Hash of generated summary.xml file [Z6PoDxFijZ3UW2FBa0xVu9KW7S0W4gjLVzimXR2OnxPJB5iqh6ZzCm80h5W4Z+HprlKR9pSiYOhEOke/kv8SOg==]
