May 03, 2020 10:22:23 PM com.sun.faban.driver.engine.MasterImpl configureAgents
INFO: Configuring 1 SearchDriverAgents...
May 03, 2020 10:22:28 PM com.sun.faban.driver.engine.MasterImpl executeRun
INFO: Started all threads; run commences in 2996 ms
May 03, 2020 10:23:31 PM com.sun.faban.driver.engine.MasterImpl executeRun
INFO: Ramp up completed
May 03, 2020 10:43:31 PM com.sun.faban.driver.engine.MasterImpl executeRun
INFO: Steady state completed
May 03, 2020 10:44:31 PM com.sun.faban.driver.engine.MasterImpl executeRun
INFO: Ramp down completed
May 03, 2020 10:44:31 PM com.sun.faban.driver.engine.MasterImpl getDriverMetrics
INFO: Gathering SearchDriverStats ...
May 03, 2020 10:44:31 PM com.sun.faban.driver.engine.MasterImpl generateReports
INFO: Printing Summary report ...
May 03, 2020 10:44:31 PM com.sun.faban.driver.engine.MasterImpl generateReports
INFO: Summary finished. Now printing detail ...
May 03, 2020 10:44:32 PM com.sun.faban.driver.engine.MasterImpl generateReports
INFO: Detail finished. Results written to /home/cc/elastic-hurryup/db/111.
May 03, 2020 10:44:32 PM com.sun.faban.driver.engine.MasterImpl generateReports
INFO: Hash of generated summary.xml file [G/JYRG1tGtl9AgCuAd63sYIa0eAzrTsqr4XrKpmMyHQVjNfu5XyDUiC1E4i2zhoxSq92KJ+cp7dCVgpifyfPZw==]
