Sep 24, 2022 5:45:56 PM com.sun.faban.driver.engine.MasterImpl configureAgents
INFO: Configuring 1 SearchDriverAgents...
Sep 24, 2022 5:46:00 PM com.sun.faban.driver.engine.MasterImpl executeRun
INFO: Started all threads; run commences in 2997 ms
Sep 24, 2022 5:47:03 PM com.sun.faban.driver.engine.MasterImpl executeRun
INFO: Ramp up completed
Sep 24, 2022 6:07:03 PM com.sun.faban.driver.engine.MasterImpl executeRun
INFO: Steady state completed
Sep 24, 2022 6:08:03 PM com.sun.faban.driver.engine.MasterImpl executeRun
INFO: Ramp down completed
Sep 24, 2022 6:08:03 PM com.sun.faban.driver.engine.MasterImpl getDriverMetrics
INFO: Gathering SearchDriverStats ...
Sep 24, 2022 6:08:03 PM com.sun.faban.driver.engine.MasterImpl generateReports
INFO: Printing Summary report ...
Sep 24, 2022 6:08:03 PM com.sun.faban.driver.engine.MasterImpl generateReports
INFO: Summary finished. Now printing detail ...
Sep 24, 2022 6:08:03 PM com.sun.faban.driver.engine.MasterImpl generateReports
INFO: Detail finished. Results written to /home/cc/elastic-hurryup/db/51.
Sep 24, 2022 6:08:03 PM com.sun.faban.driver.engine.MasterImpl generateReports
INFO: Hash of generated summary.xml file [JiVoat073B+InF0W0CCC8278vFToOkmABCEJalawhGyArLFxEpoIUAII89zcCH5WfN5MfK8UUV5GoV8LF3XBlQ==]
