May 20, 2020 7:03:32 PM com.sun.faban.driver.engine.MasterImpl configureAgents
INFO: Configuring 1 SearchDriverAgents...
May 20, 2020 7:03:36 PM com.sun.faban.driver.engine.MasterImpl executeRun
INFO: Started all threads; run commences in 2997 ms
May 20, 2020 7:04:09 PM com.sun.faban.driver.engine.MasterImpl executeRun
INFO: Ramp up completed
May 20, 2020 7:24:09 PM com.sun.faban.driver.engine.MasterImpl executeRun
INFO: Steady state completed
May 20, 2020 7:24:39 PM com.sun.faban.driver.engine.MasterImpl executeRun
INFO: Ramp down completed
May 20, 2020 7:24:39 PM com.sun.faban.driver.engine.MasterImpl getDriverMetrics
INFO: Gathering SearchDriverStats ...
May 20, 2020 7:24:39 PM com.sun.faban.driver.engine.MasterImpl generateReports
INFO: Printing Summary report ...
May 20, 2020 7:24:39 PM com.sun.faban.driver.engine.MasterImpl generateReports
INFO: Summary finished. Now printing detail ...
May 20, 2020 7:24:39 PM com.sun.faban.driver.engine.MasterImpl generateReports
INFO: Detail finished. Results written to /home/cc/elastic-hurryup/db/164.
May 20, 2020 7:24:39 PM com.sun.faban.driver.engine.MasterImpl generateReports
INFO: Hash of generated summary.xml file [hfSZKs/Bdgr4j/DNuw8bgD3TfO9r4bVykmv5IAcDLtUIRN2G2AnflzdQKri+D4jB7OjxtVdJvMl92HnrT7t4qg==]
