May 31, 2020 9:42:53 PM com.sun.faban.driver.engine.MasterImpl configureAgents
INFO: Configuring 1 SearchDriverAgents...
May 31, 2020 9:42:57 PM com.sun.faban.driver.engine.MasterImpl executeRun
INFO: Started all threads; run commences in 2998 ms
May 31, 2020 9:43:30 PM com.sun.faban.driver.engine.MasterImpl executeRun
INFO: Ramp up completed
May 31, 2020 9:53:30 PM com.sun.faban.driver.engine.MasterImpl executeRun
INFO: Steady state completed
May 31, 2020 9:54:00 PM com.sun.faban.driver.engine.MasterImpl executeRun
INFO: Ramp down completed
May 31, 2020 9:54:00 PM com.sun.faban.driver.engine.MasterImpl getDriverMetrics
INFO: Gathering SearchDriverStats ...
May 31, 2020 9:54:00 PM com.sun.faban.driver.engine.MasterImpl generateReports
INFO: Printing Summary report ...
May 31, 2020 9:54:00 PM com.sun.faban.driver.engine.MasterImpl generateReports
INFO: Summary finished. Now printing detail ...
May 31, 2020 9:54:00 PM com.sun.faban.driver.engine.MasterImpl generateReports
INFO: Detail finished. Results written to /home/cc/elastic-hurryup/db/292.
May 31, 2020 9:54:00 PM com.sun.faban.driver.engine.MasterImpl generateReports
INFO: Hash of generated summary.xml file [9tf6QJEPFLd/d7GpAefliWwOfEdJYOv7yUAjo1LfycHrV4qVmMMAx/2t18Vd3fSyh+NJzJ8NPfNepmB1Oy9yuA==]
