Jun 13, 2020 5:50:42 PM com.sun.faban.driver.engine.MasterImpl configureAgents
INFO: Configuring 1 SearchDriverAgents...
Jun 13, 2020 5:50:45 PM com.sun.faban.driver.engine.MasterImpl executeRun
INFO: Started all threads; run commences in 2997 ms
Jun 13, 2020 5:51:18 PM com.sun.faban.driver.engine.MasterImpl executeRun
INFO: Ramp up completed
Jun 13, 2020 6:01:18 PM com.sun.faban.driver.engine.MasterImpl executeRun
INFO: Steady state completed
Jun 13, 2020 6:01:48 PM com.sun.faban.driver.engine.MasterImpl executeRun
INFO: Ramp down completed
Jun 13, 2020 6:01:48 PM com.sun.faban.driver.engine.MasterImpl getDriverMetrics
INFO: Gathering SearchDriverStats ...
Jun 13, 2020 6:01:48 PM com.sun.faban.driver.engine.MasterImpl generateReports
INFO: Printing Summary report ...
Jun 13, 2020 6:01:48 PM com.sun.faban.driver.engine.MasterImpl generateReports
INFO: Summary finished. Now printing detail ...
Jun 13, 2020 6:01:48 PM com.sun.faban.driver.engine.MasterImpl generateReports
INFO: Detail finished. Results written to /home/cc/elastic-hurryup/db/455.
Jun 13, 2020 6:01:48 PM com.sun.faban.driver.engine.MasterImpl generateReports
INFO: Hash of generated summary.xml file [K0dEA0Tt/tPcOj8vbZkx/NVukWuKCLhxJixsflK8C4zKaYKBLQyhU+wMSVfVbMzWpUK4i+ZNMxNvZMDJDP7B4w==]
