Sep 23, 2022 1:15:41 PM com.sun.faban.driver.engine.MasterImpl configureAgents
INFO: Configuring 1 SearchDriverAgents...
Sep 23, 2022 1:15:45 PM com.sun.faban.driver.engine.MasterImpl executeRun
INFO: Started all threads; run commences in 2998 ms
Sep 23, 2022 1:16:48 PM com.sun.faban.driver.engine.MasterImpl executeRun
INFO: Ramp up completed
Sep 23, 2022 1:36:48 PM com.sun.faban.driver.engine.MasterImpl executeRun
INFO: Steady state completed
Sep 23, 2022 1:37:48 PM com.sun.faban.driver.engine.MasterImpl executeRun
INFO: Ramp down completed
Sep 23, 2022 1:37:48 PM com.sun.faban.driver.engine.MasterImpl getDriverMetrics
INFO: Gathering SearchDriverStats ...
Sep 23, 2022 1:37:48 PM com.sun.faban.driver.engine.MasterImpl generateReports
INFO: Printing Summary report ...
Sep 23, 2022 1:37:48 PM com.sun.faban.driver.engine.MasterImpl generateReports
INFO: Summary finished. Now printing detail ...
Sep 23, 2022 1:37:48 PM com.sun.faban.driver.engine.MasterImpl generateReports
INFO: Detail finished. Results written to /home/cc/elastic-hurryup/db/31.
Sep 23, 2022 1:37:48 PM com.sun.faban.driver.engine.MasterImpl generateReports
INFO: Hash of generated summary.xml file [GM6co6NXhjk12LPucwthZf2vLgfDYoiOfr9f8SqS4gIcnnQDWfIiVXlVUgOg2Q/A9HdYMmqRMJ9ywTtvWDtbXg==]
