Jun 16, 2020 3:43:37 PM com.sun.faban.driver.engine.MasterImpl configureAgents
INFO: Configuring 1 SearchDriverAgents...
Jun 16, 2020 3:43:40 PM com.sun.faban.driver.engine.MasterImpl executeRun
INFO: Started all threads; run commences in 2997 ms
Jun 16, 2020 3:44:43 PM com.sun.faban.driver.engine.MasterImpl executeRun
INFO: Ramp up completed
Jun 16, 2020 4:04:43 PM com.sun.faban.driver.engine.MasterImpl executeRun
INFO: Steady state completed
Jun 16, 2020 4:05:43 PM com.sun.faban.driver.engine.MasterImpl executeRun
INFO: Ramp down completed
Jun 16, 2020 4:05:43 PM com.sun.faban.driver.engine.MasterImpl getDriverMetrics
INFO: Gathering SearchDriverStats ...
Jun 16, 2020 4:05:44 PM com.sun.faban.driver.engine.MasterImpl generateReports
INFO: Printing Summary report ...
Jun 16, 2020 4:05:44 PM com.sun.faban.driver.engine.MasterImpl generateReports
INFO: Summary finished. Now printing detail ...
Jun 16, 2020 4:05:44 PM com.sun.faban.driver.engine.MasterImpl generateReports
INFO: Detail finished. Results written to /home/cc/elastic-hurryup/db/508.
Jun 16, 2020 4:05:44 PM com.sun.faban.driver.engine.MasterImpl generateReports
INFO: Hash of generated summary.xml file [DqGlsqD/GwpMHBHXTBZxTvJ0qcWCOzezUnxnMtjRx9CKLx/WRelnUndvhyag2q9KCsU47+lSg9hyHRs6681k2Q==]
