Jun 16, 2020 12:17:54 PM com.sun.faban.driver.engine.MasterImpl configureAgents
INFO: Configuring 1 SearchDriverAgents...
Jun 16, 2020 12:17:58 PM com.sun.faban.driver.engine.MasterImpl executeRun
INFO: Started all threads; run commences in 2997 ms
Jun 16, 2020 12:19:01 PM com.sun.faban.driver.engine.MasterImpl executeRun
INFO: Ramp up completed
Jun 16, 2020 12:39:01 PM com.sun.faban.driver.engine.MasterImpl executeRun
INFO: Steady state completed
Jun 16, 2020 12:40:01 PM com.sun.faban.driver.engine.MasterImpl executeRun
INFO: Ramp down completed
Jun 16, 2020 12:40:01 PM com.sun.faban.driver.engine.MasterImpl getDriverMetrics
INFO: Gathering SearchDriverStats ...
Jun 16, 2020 12:40:01 PM com.sun.faban.driver.engine.MasterImpl generateReports
INFO: Printing Summary report ...
Jun 16, 2020 12:40:01 PM com.sun.faban.driver.engine.MasterImpl generateReports
INFO: Summary finished. Now printing detail ...
Jun 16, 2020 12:40:01 PM com.sun.faban.driver.engine.MasterImpl generateReports
INFO: Detail finished. Results written to /home/cc/elastic-hurryup/db/500.
Jun 16, 2020 12:40:01 PM com.sun.faban.driver.engine.MasterImpl generateReports
INFO: Hash of generated summary.xml file [LWLxYcZqk5w05ClukHpIdRMZ0qB8keLvicnlo0vnHMTYUs0luza64SiJJFOLVVDlUgtiRDVbpi0CLWZVjZ/mRw==]
