Jun 01, 2020 2:19:59 AM com.sun.faban.driver.engine.MasterImpl configureAgents
INFO: Configuring 1 SearchDriverAgents...
Jun 01, 2020 2:20:02 AM com.sun.faban.driver.engine.MasterImpl executeRun
INFO: Started all threads; run commences in 2999 ms
Jun 01, 2020 2:20:35 AM com.sun.faban.driver.engine.MasterImpl executeRun
INFO: Ramp up completed
Jun 01, 2020 2:30:35 AM com.sun.faban.driver.engine.MasterImpl executeRun
INFO: Steady state completed
Jun 01, 2020 2:31:05 AM com.sun.faban.driver.engine.MasterImpl executeRun
INFO: Ramp down completed
Jun 01, 2020 2:31:05 AM com.sun.faban.driver.engine.MasterImpl getDriverMetrics
INFO: Gathering SearchDriverStats ...
Jun 01, 2020 2:31:05 AM com.sun.faban.driver.engine.MasterImpl generateReports
INFO: Printing Summary report ...
Jun 01, 2020 2:31:05 AM com.sun.faban.driver.engine.MasterImpl generateReports
INFO: Summary finished. Now printing detail ...
Jun 01, 2020 2:31:05 AM com.sun.faban.driver.engine.MasterImpl generateReports
INFO: Detail finished. Results written to /home/cc/elastic-hurryup/db/306.
Jun 01, 2020 2:31:05 AM com.sun.faban.driver.engine.MasterImpl generateReports
INFO: Hash of generated summary.xml file [9E/KWEopHzFISL7dw6KKgxMxmI/OdautRG98qyYCuYVJua6soM1nJY20/n0OViWDAQiSBi+cFvF7Gw3a8azZ8w==]
