May 03, 2020 7:56:26 PM com.sun.faban.driver.engine.MasterImpl configureAgents
INFO: Configuring 1 SearchDriverAgents...
May 03, 2020 7:56:31 PM com.sun.faban.driver.engine.MasterImpl executeRun
INFO: Started all threads; run commences in 2997 ms
May 03, 2020 7:57:34 PM com.sun.faban.driver.engine.MasterImpl executeRun
INFO: Ramp up completed
May 03, 2020 8:17:34 PM com.sun.faban.driver.engine.MasterImpl executeRun
INFO: Steady state completed
May 03, 2020 8:18:35 PM com.sun.faban.driver.engine.MasterImpl executeRun
INFO: Ramp down completed
May 03, 2020 8:18:35 PM com.sun.faban.driver.engine.MasterImpl getDriverMetrics
INFO: Gathering SearchDriverStats ...
May 03, 2020 8:18:35 PM com.sun.faban.driver.engine.MasterImpl generateReports
INFO: Printing Summary report ...
May 03, 2020 8:18:35 PM com.sun.faban.driver.engine.MasterImpl generateReports
INFO: Summary finished. Now printing detail ...
May 03, 2020 8:18:35 PM com.sun.faban.driver.engine.MasterImpl generateReports
INFO: Detail finished. Results written to /home/cc/elastic-hurryup/db/108.
May 03, 2020 8:18:35 PM com.sun.faban.driver.engine.MasterImpl generateReports
INFO: Hash of generated summary.xml file [IUW23ddHykSLYi/WmbKNb8/GF2kkftlHLaMYPH0lKBZ9cF+Ol3t2QqOo8FYel8xvj6tqZHpOpU9/3IxGR/X7EA==]
