Sep 22, 2022 3:20:42 PM com.sun.faban.driver.engine.MasterImpl configureAgents
INFO: Configuring 1 SearchDriverAgents...
Sep 22, 2022 3:20:46 PM com.sun.faban.driver.engine.MasterImpl executeRun
INFO: Started all threads; run commences in 2998 ms
Sep 22, 2022 3:21:49 PM com.sun.faban.driver.engine.MasterImpl executeRun
INFO: Ramp up completed
Sep 22, 2022 3:41:49 PM com.sun.faban.driver.engine.MasterImpl executeRun
INFO: Steady state completed
Sep 22, 2022 3:42:49 PM com.sun.faban.driver.engine.MasterImpl executeRun
INFO: Ramp down completed
Sep 22, 2022 3:42:49 PM com.sun.faban.driver.engine.MasterImpl getDriverMetrics
INFO: Gathering SearchDriverStats ...
Sep 22, 2022 3:42:49 PM com.sun.faban.driver.engine.MasterImpl generateReports
INFO: Printing Summary report ...
Sep 22, 2022 3:42:49 PM com.sun.faban.driver.engine.MasterImpl generateReports
INFO: Summary finished. Now printing detail ...
Sep 22, 2022 3:42:49 PM com.sun.faban.driver.engine.MasterImpl generateReports
INFO: Detail finished. Results written to /home/cc/elastic-hurryup/db/18.
Sep 22, 2022 3:42:49 PM com.sun.faban.driver.engine.MasterImpl generateReports
INFO: Hash of generated summary.xml file [Yr50QoEwxVuRFKq5HGmLyA3jDP6xL47fGgOmGxDp+wqcZwdwYhabJkUk6w/D8icJUkS/SOXacZkAjZbbUkk46A==]
