May 21, 2020 6:51:20 PM com.sun.faban.driver.engine.MasterImpl configureAgents
INFO: Configuring 1 SearchDriverAgents...
May 21, 2020 6:51:24 PM com.sun.faban.driver.engine.MasterImpl executeRun
INFO: Started all threads; run commences in 2999 ms
May 21, 2020 6:51:57 PM com.sun.faban.driver.engine.MasterImpl executeRun
INFO: Ramp up completed
May 21, 2020 7:11:57 PM com.sun.faban.driver.engine.MasterImpl executeRun
INFO: Steady state completed
May 21, 2020 7:12:27 PM com.sun.faban.driver.engine.MasterImpl executeRun
INFO: Ramp down completed
May 21, 2020 7:12:27 PM com.sun.faban.driver.engine.MasterImpl getDriverMetrics
INFO: Gathering SearchDriverStats ...
May 21, 2020 7:12:27 PM com.sun.faban.driver.engine.MasterImpl generateReports
INFO: Printing Summary report ...
May 21, 2020 7:12:27 PM com.sun.faban.driver.engine.MasterImpl generateReports
INFO: Summary finished. Now printing detail ...
May 21, 2020 7:12:27 PM com.sun.faban.driver.engine.MasterImpl generateReports
INFO: Detail finished. Results written to /home/cc/elastic-hurryup/db/192.
May 21, 2020 7:12:27 PM com.sun.faban.driver.engine.MasterImpl generateReports
INFO: Hash of generated summary.xml file [3R717PIQea2Ou+bJeTFMIhvjz38Le6QrffpkjbDh/Yc2I4hOKhqczfTKrpLQGkQK9KD6UG8GEFxjFaKO5eVX+A==]
