May 18, 2020 3:53:26 PM com.sun.faban.driver.engine.MasterImpl configureAgents
INFO: Configuring 1 SearchDriverAgents...
May 18, 2020 3:53:29 PM com.sun.faban.driver.engine.MasterImpl executeRun
INFO: Started all threads; run commences in 2997 ms
May 18, 2020 3:54:02 PM com.sun.faban.driver.engine.MasterImpl executeRun
INFO: Ramp up completed
May 18, 2020 4:14:02 PM com.sun.faban.driver.engine.MasterImpl executeRun
INFO: Steady state completed
May 18, 2020 4:14:32 PM com.sun.faban.driver.engine.MasterImpl executeRun
INFO: Ramp down completed
May 18, 2020 4:14:32 PM com.sun.faban.driver.engine.MasterImpl getDriverMetrics
INFO: Gathering SearchDriverStats ...
May 18, 2020 4:14:32 PM com.sun.faban.driver.engine.MasterImpl generateReports
INFO: Printing Summary report ...
May 18, 2020 4:14:32 PM com.sun.faban.driver.engine.MasterImpl generateReports
INFO: Summary finished. Now printing detail ...
May 18, 2020 4:14:32 PM com.sun.faban.driver.engine.MasterImpl generateReports
INFO: Detail finished. Results written to /home/cc/elastic-hurryup/db/156.
May 18, 2020 4:14:32 PM com.sun.faban.driver.engine.MasterImpl generateReports
INFO: Hash of generated summary.xml file [u9SYgVQDjGEXAF70uNZip+onqfzKiDLSs28Wy+spwxIz/ArdlcOiDK0oLiZjBSpQ2IAt/jqPChwdj2GIUD1+Ww==]
