Jun 06, 2020 11:54:09 PM com.sun.faban.driver.engine.MasterImpl configureAgents
INFO: Configuring 1 SearchDriverAgents...
Jun 06, 2020 11:54:14 PM com.sun.faban.driver.engine.MasterImpl executeRun
INFO: Started all threads; run commences in 2997 ms
Jun 06, 2020 11:54:47 PM com.sun.faban.driver.engine.MasterImpl executeRun
INFO: Ramp up completed
Jun 07, 2020 12:14:47 AM com.sun.faban.driver.engine.MasterImpl executeRun
INFO: Steady state completed
Jun 07, 2020 12:15:17 AM com.sun.faban.driver.engine.MasterImpl executeRun
INFO: Ramp down completed
Jun 07, 2020 12:15:17 AM com.sun.faban.driver.engine.MasterImpl getDriverMetrics
INFO: Gathering SearchDriverStats ...
Jun 07, 2020 12:15:17 AM com.sun.faban.driver.engine.MasterImpl generateReports
INFO: Printing Summary report ...
Jun 07, 2020 12:15:17 AM com.sun.faban.driver.engine.MasterImpl generateReports
INFO: Summary finished. Now printing detail ...
Jun 07, 2020 12:15:17 AM com.sun.faban.driver.engine.MasterImpl generateReports
INFO: Detail finished. Results written to /home/cc/elastic-hurryup/db/383.
Jun 07, 2020 12:15:17 AM com.sun.faban.driver.engine.MasterImpl generateReports
INFO: Hash of generated summary.xml file [ZlFBzzzRK1ElH5A8YPorun3xTMNVxR4SxupOtkYg8zcMD0jVNfbayIcLmIxbOZ9/Tujy6RAbZD9llyPFv+5Khg==]
