Jun 12, 2020 12:56:14 AM com.sun.faban.driver.engine.MasterImpl configureAgents
INFO: Configuring 1 SearchDriverAgents...
Jun 12, 2020 12:56:18 AM com.sun.faban.driver.engine.MasterImpl executeRun
INFO: Started all threads; run commences in 2998 ms
Jun 12, 2020 12:56:51 AM com.sun.faban.driver.engine.MasterImpl executeRun
INFO: Ramp up completed
Jun 12, 2020 1:06:51 AM com.sun.faban.driver.engine.MasterImpl executeRun
INFO: Steady state completed
Jun 12, 2020 1:07:21 AM com.sun.faban.driver.engine.MasterImpl executeRun
INFO: Ramp down completed
Jun 12, 2020 1:07:21 AM com.sun.faban.driver.engine.MasterImpl getDriverMetrics
INFO: Gathering SearchDriverStats ...
Jun 12, 2020 1:07:21 AM com.sun.faban.driver.engine.MasterImpl generateReports
INFO: Printing Summary report ...
Jun 12, 2020 1:07:21 AM com.sun.faban.driver.engine.MasterImpl generateReports
INFO: Summary finished. Now printing detail ...
Jun 12, 2020 1:07:21 AM com.sun.faban.driver.engine.MasterImpl generateReports
INFO: Detail finished. Results written to /home/cc/elastic-hurryup/db/443.
Jun 12, 2020 1:07:21 AM com.sun.faban.driver.engine.MasterImpl generateReports
INFO: Hash of generated summary.xml file [y7V8kHnEbgOWpQp6LnmxgVxJLxyPB7vJzSusp+GYR73DvvXZ0N8zgaBjrWahP+56P+WyKBNAms0Ksa8U8237Bg==]
