Jun 05, 2020 5:33:37 PM com.sun.faban.driver.engine.MasterImpl configureAgents
INFO: Configuring 1 SearchDriverAgents...
Jun 05, 2020 5:33:42 PM com.sun.faban.driver.engine.MasterImpl executeRun
INFO: Started all threads; run commences in 2998 ms
Jun 05, 2020 5:34:15 PM com.sun.faban.driver.engine.MasterImpl executeRun
INFO: Ramp up completed
Jun 05, 2020 5:54:15 PM com.sun.faban.driver.engine.MasterImpl executeRun
INFO: Steady state completed
Jun 05, 2020 5:54:45 PM com.sun.faban.driver.engine.MasterImpl executeRun
INFO: Ramp down completed
Jun 05, 2020 5:54:45 PM com.sun.faban.driver.engine.MasterImpl getDriverMetrics
INFO: Gathering SearchDriverStats ...
Jun 05, 2020 5:54:45 PM com.sun.faban.driver.engine.MasterImpl generateReports
INFO: Printing Summary report ...
Jun 05, 2020 5:54:45 PM com.sun.faban.driver.engine.MasterImpl generateReports
INFO: Summary finished. Now printing detail ...
Jun 05, 2020 5:54:45 PM com.sun.faban.driver.engine.MasterImpl generateReports
INFO: Detail finished. Results written to /home/cc/elastic-hurryup/db/368.
Jun 05, 2020 5:54:45 PM com.sun.faban.driver.engine.MasterImpl generateReports
INFO: Hash of generated summary.xml file [lW9cjIMsuScMEQw/RKnF7kgEkJEgRnFen2CaX441hZNIP3d61MfKeEeqj/vK78u9XS4F1v3eWWc8/DfE7Rz8OA==]
