May 04, 2020 10:45:39 PM com.sun.faban.driver.engine.MasterImpl configureAgents
INFO: Configuring 1 SearchDriverAgents...
May 04, 2020 10:45:44 PM com.sun.faban.driver.engine.MasterImpl executeRun
INFO: Started all threads; run commences in 2997 ms
May 04, 2020 10:46:47 PM com.sun.faban.driver.engine.MasterImpl executeRun
INFO: Ramp up completed
May 04, 2020 11:06:47 PM com.sun.faban.driver.engine.MasterImpl executeRun
INFO: Steady state completed
May 04, 2020 11:07:47 PM com.sun.faban.driver.engine.MasterImpl executeRun
INFO: Ramp down completed
May 04, 2020 11:07:47 PM com.sun.faban.driver.engine.MasterImpl getDriverMetrics
INFO: Gathering SearchDriverStats ...
May 04, 2020 11:07:47 PM com.sun.faban.driver.engine.MasterImpl generateReports
INFO: Printing Summary report ...
May 04, 2020 11:07:47 PM com.sun.faban.driver.engine.MasterImpl generateReports
INFO: Summary finished. Now printing detail ...
May 04, 2020 11:07:47 PM com.sun.faban.driver.engine.MasterImpl generateReports
INFO: Detail finished. Results written to /home/cc/elastic-hurryup/db/120.
May 04, 2020 11:07:47 PM com.sun.faban.driver.engine.MasterImpl generateReports
INFO: Hash of generated summary.xml file [Q/x15z/fHgUjpsqnpfrYiP4MDnJx1jndnaUacr0Y4Uqck8leuxZEB0b4LdsS8okrnH6cOVCWJVt7qEt9St6uNg==]
