May 31, 2020 9:29:52 PM com.sun.faban.driver.engine.MasterImpl configureAgents
INFO: Configuring 1 SearchDriverAgents...
May 31, 2020 9:29:57 PM com.sun.faban.driver.engine.MasterImpl executeRun
INFO: Started all threads; run commences in 2997 ms
May 31, 2020 9:30:30 PM com.sun.faban.driver.engine.MasterImpl executeRun
INFO: Ramp up completed
May 31, 2020 9:40:30 PM com.sun.faban.driver.engine.MasterImpl executeRun
INFO: Steady state completed
May 31, 2020 9:41:00 PM com.sun.faban.driver.engine.MasterImpl executeRun
INFO: Ramp down completed
May 31, 2020 9:41:00 PM com.sun.faban.driver.engine.MasterImpl getDriverMetrics
INFO: Gathering SearchDriverStats ...
May 31, 2020 9:41:00 PM com.sun.faban.driver.engine.MasterImpl generateReports
INFO: Printing Summary report ...
May 31, 2020 9:41:00 PM com.sun.faban.driver.engine.MasterImpl generateReports
INFO: Summary finished. Now printing detail ...
May 31, 2020 9:41:00 PM com.sun.faban.driver.engine.MasterImpl generateReports
INFO: Detail finished. Results written to /home/cc/elastic-hurryup/db/291.
May 31, 2020 9:41:00 PM com.sun.faban.driver.engine.MasterImpl generateReports
INFO: Hash of generated summary.xml file [Hu9P6WlW/Mzyq4RrhZaDFsqqVOLYhORnY9ip1de8qg9ozAEb4+QlgZFRKjsYlUqyDIuF2OH60LPO0UavsrfstQ==]
