Jun 05, 2020 3:57:52 PM com.sun.faban.driver.engine.MasterImpl configureAgents
INFO: Configuring 1 SearchDriverAgents...
Jun 05, 2020 3:57:57 PM com.sun.faban.driver.engine.MasterImpl executeRun
INFO: Started all threads; run commences in 2997 ms
Jun 05, 2020 3:58:30 PM com.sun.faban.driver.engine.MasterImpl executeRun
INFO: Ramp up completed
Jun 05, 2020 4:18:30 PM com.sun.faban.driver.engine.MasterImpl executeRun
INFO: Steady state completed
Jun 05, 2020 4:19:00 PM com.sun.faban.driver.engine.MasterImpl executeRun
INFO: Ramp down completed
Jun 05, 2020 4:19:00 PM com.sun.faban.driver.engine.MasterImpl getDriverMetrics
INFO: Gathering SearchDriverStats ...
Jun 05, 2020 4:19:00 PM com.sun.faban.driver.engine.MasterImpl generateReports
INFO: Printing Summary report ...
Jun 05, 2020 4:19:00 PM com.sun.faban.driver.engine.MasterImpl generateReports
INFO: Summary finished. Now printing detail ...
Jun 05, 2020 4:19:00 PM com.sun.faban.driver.engine.MasterImpl generateReports
INFO: Detail finished. Results written to /home/cc/elastic-hurryup/db/365.
Jun 05, 2020 4:19:00 PM com.sun.faban.driver.engine.MasterImpl generateReports
INFO: Hash of generated summary.xml file [Vr8FDAH53ByaN+DeMr3V0KO2yHtfo+vjldSr+LBEZh488YFc48jUnZxgXYtsjzbH3IaQmj7XNiiBre6AVzEzrg==]
