May 03, 2020 8:32:33 PM com.sun.faban.driver.engine.MasterImpl configureAgents
INFO: Configuring 1 SearchDriverAgents...
May 03, 2020 8:32:38 PM com.sun.faban.driver.engine.MasterImpl executeRun
INFO: Started all threads; run commences in 2997 ms
May 03, 2020 8:33:41 PM com.sun.faban.driver.engine.MasterImpl executeRun
INFO: Ramp up completed
May 03, 2020 8:53:41 PM com.sun.faban.driver.engine.MasterImpl executeRun
INFO: Steady state completed
May 03, 2020 8:54:41 PM com.sun.faban.driver.engine.MasterImpl executeRun
INFO: Ramp down completed
May 03, 2020 8:54:41 PM com.sun.faban.driver.engine.MasterImpl getDriverMetrics
INFO: Gathering SearchDriverStats ...
May 03, 2020 8:54:41 PM com.sun.faban.driver.engine.MasterImpl generateReports
INFO: Printing Summary report ...
May 03, 2020 8:54:41 PM com.sun.faban.driver.engine.MasterImpl generateReports
INFO: Summary finished. Now printing detail ...
May 03, 2020 8:54:41 PM com.sun.faban.driver.engine.MasterImpl generateReports
INFO: Detail finished. Results written to /home/cc/elastic-hurryup/db/109.
May 03, 2020 8:54:41 PM com.sun.faban.driver.engine.MasterImpl generateReports
INFO: Hash of generated summary.xml file [3LpdhdBPAzUpn5jmPlo0s6IenxyywHW5Nv0COtrdL+5mlbvYQL4ZTZCcRZAlJzO5hducWe3EHwp6FBq/2E9Taw==]
