May 28, 2020 10:18:18 PM com.sun.faban.driver.engine.MasterImpl configureAgents
INFO: Configuring 1 SearchDriverAgents...
May 28, 2020 10:18:23 PM com.sun.faban.driver.engine.MasterImpl executeRun
INFO: Started all threads; run commences in 2997 ms
May 28, 2020 10:18:56 PM com.sun.faban.driver.engine.MasterImpl executeRun
INFO: Ramp up completed
May 28, 2020 10:38:56 PM com.sun.faban.driver.engine.MasterImpl executeRun
INFO: Steady state completed
May 28, 2020 10:39:26 PM com.sun.faban.driver.engine.MasterImpl executeRun
INFO: Ramp down completed
May 28, 2020 10:39:26 PM com.sun.faban.driver.engine.MasterImpl getDriverMetrics
INFO: Gathering SearchDriverStats ...
May 28, 2020 10:39:26 PM com.sun.faban.driver.engine.MasterImpl generateReports
INFO: Printing Summary report ...
May 28, 2020 10:39:26 PM com.sun.faban.driver.engine.MasterImpl generateReports
INFO: Summary finished. Now printing detail ...
May 28, 2020 10:39:26 PM com.sun.faban.driver.engine.MasterImpl generateReports
INFO: Detail finished. Results written to /home/cc/elastic-hurryup/db/277.
May 28, 2020 10:39:26 PM com.sun.faban.driver.engine.MasterImpl generateReports
INFO: Hash of generated summary.xml file [c2F81+GyitYEadjwOheNmmz5TKxB3/BImOGhng7xGzp8vvdF0+hsQJysdkw2r1xw2T1p1P4vV0DprYpzh0TKAQ==]
