Jun 15, 2020 9:24:40 PM com.sun.faban.driver.engine.MasterImpl configureAgents
INFO: Configuring 1 SearchDriverAgents...
Jun 15, 2020 9:24:46 PM com.sun.faban.driver.engine.MasterImpl executeRun
INFO: Started all threads; run commences in 2996 ms
Jun 15, 2020 9:25:49 PM com.sun.faban.driver.engine.MasterImpl executeRun
INFO: Ramp up completed
Jun 15, 2020 9:45:49 PM com.sun.faban.driver.engine.MasterImpl executeRun
INFO: Steady state completed
Jun 15, 2020 9:46:49 PM com.sun.faban.driver.engine.MasterImpl executeRun
INFO: Ramp down completed
Jun 15, 2020 9:46:49 PM com.sun.faban.driver.engine.MasterImpl getDriverMetrics
INFO: Gathering SearchDriverStats ...
Jun 15, 2020 9:46:49 PM com.sun.faban.driver.engine.MasterImpl generateReports
INFO: Printing Summary report ...
Jun 15, 2020 9:46:49 PM com.sun.faban.driver.engine.MasterImpl generateReports
INFO: Summary finished. Now printing detail ...
Jun 15, 2020 9:46:49 PM com.sun.faban.driver.engine.MasterImpl generateReports
INFO: Detail finished. Results written to /home/cc/elastic-hurryup/db/486.
Jun 15, 2020 9:46:49 PM com.sun.faban.driver.engine.MasterImpl generateReports
INFO: Hash of generated summary.xml file [8MXOftJWPVHXDr7Lvg5yV67UorTVumB87SI9jn0J8itCwSM3NEPdLEAv/J31aXIilYDDrSHHGrmyh0J/WNoLLw==]
