May 27, 2020 2:25:44 AM com.sun.faban.driver.engine.MasterImpl configureAgents
INFO: Configuring 1 SearchDriverAgents...
May 27, 2020 2:25:49 AM com.sun.faban.driver.engine.MasterImpl executeRun
INFO: Started all threads; run commences in 2997 ms
May 27, 2020 2:26:22 AM com.sun.faban.driver.engine.MasterImpl executeRun
INFO: Ramp up completed
May 27, 2020 2:46:22 AM com.sun.faban.driver.engine.MasterImpl executeRun
INFO: Steady state completed
May 27, 2020 2:46:52 AM com.sun.faban.driver.engine.MasterImpl executeRun
INFO: Ramp down completed
May 27, 2020 2:46:52 AM com.sun.faban.driver.engine.MasterImpl getDriverMetrics
INFO: Gathering SearchDriverStats ...
May 27, 2020 2:46:52 AM com.sun.faban.driver.engine.MasterImpl generateReports
INFO: Printing Summary report ...
May 27, 2020 2:46:52 AM com.sun.faban.driver.engine.MasterImpl generateReports
INFO: Summary finished. Now printing detail ...
May 27, 2020 2:46:52 AM com.sun.faban.driver.engine.MasterImpl generateReports
INFO: Detail finished. Results written to /home/cc/elastic-hurryup/db/234.
May 27, 2020 2:46:52 AM com.sun.faban.driver.engine.MasterImpl generateReports
INFO: Hash of generated summary.xml file [gSOI0CCxqG/NZ5VGOOW17IIKz6I2tmOGb0q6vdbw9GP9fbFGx+F3JlCHNIBlx8Vg8nl9VXsyT1vzUeKsHDyd2g==]
