Jun 14, 2020 7:35:35 PM com.sun.faban.driver.engine.MasterImpl configureAgents
INFO: Configuring 1 SearchDriverAgents...
Jun 14, 2020 7:35:40 PM com.sun.faban.driver.engine.MasterImpl executeRun
INFO: Started all threads; run commences in 2997 ms
Jun 14, 2020 7:36:43 PM com.sun.faban.driver.engine.MasterImpl executeRun
INFO: Ramp up completed
Jun 14, 2020 7:56:43 PM com.sun.faban.driver.engine.MasterImpl executeRun
INFO: Steady state completed
Jun 14, 2020 7:57:43 PM com.sun.faban.driver.engine.MasterImpl executeRun
INFO: Ramp down completed
Jun 14, 2020 7:57:43 PM com.sun.faban.driver.engine.MasterImpl getDriverMetrics
INFO: Gathering SearchDriverStats ...
Jun 14, 2020 7:57:43 PM com.sun.faban.driver.engine.MasterImpl generateReports
INFO: Printing Summary report ...
Jun 14, 2020 7:57:43 PM com.sun.faban.driver.engine.MasterImpl generateReports
INFO: Summary finished. Now printing detail ...
Jun 14, 2020 7:57:43 PM com.sun.faban.driver.engine.MasterImpl generateReports
INFO: Detail finished. Results written to /home/cc/elastic-hurryup/db/463.
Jun 14, 2020 7:57:43 PM com.sun.faban.driver.engine.MasterImpl generateReports
INFO: Hash of generated summary.xml file [QaYoJYgEpBBVAGxpzyphODw/vQR8aEYwPUWPL7Yg5FWNobttxlg5i8w6N2iT5J7WRUb9uS1/QUmwvzdEkgOrrQ==]
