Apr 26, 2020 1:51:31 AM com.sun.faban.driver.engine.MasterImpl configureAgents
INFO: Configuring 1 SearchDriverAgents...
Apr 26, 2020 1:51:36 AM com.sun.faban.driver.engine.MasterImpl executeRun
INFO: Started all threads; run commences in 2997 ms
Apr 26, 2020 1:52:39 AM com.sun.faban.driver.engine.MasterImpl executeRun
INFO: Ramp up completed
Apr 26, 2020 2:12:39 AM com.sun.faban.driver.engine.MasterImpl executeRun
INFO: Steady state completed
Apr 26, 2020 2:13:39 AM com.sun.faban.driver.engine.MasterImpl executeRun
INFO: Ramp down completed
Apr 26, 2020 2:13:39 AM com.sun.faban.driver.engine.MasterImpl getDriverMetrics
INFO: Gathering SearchDriverStats ...
Apr 26, 2020 2:13:39 AM com.sun.faban.driver.engine.MasterImpl generateReports
INFO: Printing Summary report ...
Apr 26, 2020 2:13:39 AM com.sun.faban.driver.engine.MasterImpl generateReports
INFO: Summary finished. Now printing detail ...
Apr 26, 2020 2:13:39 AM com.sun.faban.driver.engine.MasterImpl generateReports
INFO: Detail finished. Results written to /home/cc/elastic-hurryup/db/68.
Apr 26, 2020 2:13:39 AM com.sun.faban.driver.engine.MasterImpl generateReports
INFO: Hash of generated summary.xml file [SxpoCN1n06a2uJq6pg9HQBnVVilYG+Wi1EzdG+8ejz3o60sWXGvHF4gBvq923/vA63goqAbjcjK+8axprZapYw==]
