May 27, 2020 6:34:27 PM com.sun.faban.driver.engine.MasterImpl configureAgents
INFO: Configuring 1 SearchDriverAgents...
May 27, 2020 6:34:32 PM com.sun.faban.driver.engine.MasterImpl executeRun
INFO: Started all threads; run commences in 2997 ms
May 27, 2020 6:35:05 PM com.sun.faban.driver.engine.MasterImpl executeRun
INFO: Ramp up completed
May 27, 2020 6:55:05 PM com.sun.faban.driver.engine.MasterImpl executeRun
INFO: Steady state completed
May 27, 2020 6:55:35 PM com.sun.faban.driver.engine.MasterImpl executeRun
INFO: Ramp down completed
May 27, 2020 6:55:35 PM com.sun.faban.driver.engine.MasterImpl getDriverMetrics
INFO: Gathering SearchDriverStats ...
May 27, 2020 6:55:35 PM com.sun.faban.driver.engine.MasterImpl generateReports
INFO: Printing Summary report ...
May 27, 2020 6:55:35 PM com.sun.faban.driver.engine.MasterImpl generateReports
INFO: Summary finished. Now printing detail ...
May 27, 2020 6:55:35 PM com.sun.faban.driver.engine.MasterImpl generateReports
INFO: Detail finished. Results written to /home/cc/elastic-hurryup/db/236.
May 27, 2020 6:55:35 PM com.sun.faban.driver.engine.MasterImpl generateReports
INFO: Hash of generated summary.xml file [QNrvi9dELsb8WH0y5k8hQQGYhLnluSL6YubeLIB5MaUxEVAu3d+Gf3bfhLxyIwsCjTIo5th86xFrqhO35BgiJA==]
