May 21, 2020 1:31:47 PM com.sun.faban.driver.engine.MasterImpl configureAgents
INFO: Configuring 1 SearchDriverAgents...
May 21, 2020 1:31:51 PM com.sun.faban.driver.engine.MasterImpl executeRun
INFO: Started all threads; run commences in 2998 ms
May 21, 2020 1:32:24 PM com.sun.faban.driver.engine.MasterImpl executeRun
INFO: Ramp up completed
May 21, 2020 1:52:24 PM com.sun.faban.driver.engine.MasterImpl executeRun
INFO: Steady state completed
May 21, 2020 1:52:54 PM com.sun.faban.driver.engine.MasterImpl executeRun
INFO: Ramp down completed
May 21, 2020 1:52:54 PM com.sun.faban.driver.engine.MasterImpl getDriverMetrics
INFO: Gathering SearchDriverStats ...
May 21, 2020 1:52:54 PM com.sun.faban.driver.engine.MasterImpl generateReports
INFO: Printing Summary report ...
May 21, 2020 1:52:54 PM com.sun.faban.driver.engine.MasterImpl generateReports
INFO: Summary finished. Now printing detail ...
May 21, 2020 1:52:54 PM com.sun.faban.driver.engine.MasterImpl generateReports
INFO: Detail finished. Results written to /home/cc/elastic-hurryup/db/183.
May 21, 2020 1:52:54 PM com.sun.faban.driver.engine.MasterImpl generateReports
INFO: Hash of generated summary.xml file [e5i/4s1yDv6otjDkQH4q0eosgFHM3leSX0e/rCbKpQ333lCkJM/RNx9M7hN/1cJL2aTl/05R+nbNo+gG/J/EAQ==]
