Apr 24, 2020 4:10:04 PM com.sun.faban.driver.engine.MasterImpl configureAgents
INFO: Configuring 1 SearchDriverAgents...
Apr 24, 2020 4:10:07 PM com.sun.faban.driver.engine.MasterImpl executeRun
INFO: Started all threads; run commences in 2998 ms
Apr 24, 2020 4:11:10 PM com.sun.faban.driver.engine.MasterImpl executeRun
INFO: Ramp up completed
Apr 24, 2020 4:31:10 PM com.sun.faban.driver.engine.MasterImpl executeRun
INFO: Steady state completed
Apr 24, 2020 4:32:12 PM com.sun.faban.driver.engine.MasterImpl executeRun
INFO: Ramp down completed
Apr 24, 2020 4:32:12 PM com.sun.faban.driver.engine.MasterImpl getDriverMetrics
INFO: Gathering SearchDriverStats ...
Apr 24, 2020 4:32:12 PM com.sun.faban.driver.engine.MasterImpl generateReports
INFO: Printing Summary report ...
Apr 24, 2020 4:32:12 PM com.sun.faban.driver.engine.MasterImpl generateReports
INFO: Summary finished. Now printing detail ...
Apr 24, 2020 4:32:12 PM com.sun.faban.driver.engine.MasterImpl generateReports
INFO: Detail finished. Results written to /home/cc/elastic-hurryup/db/59.
Apr 24, 2020 4:32:12 PM com.sun.faban.driver.engine.MasterImpl generateReports
INFO: Hash of generated summary.xml file [j6wImfwaZE0+sbdjKoa1twgRe1iyBUzyzQuVU2DI794DM46QEBIyKLO8UKN3jqNJvrMSVno9m/wgsK9BQ+VaDw==]
