Jun 09, 2020 9:51:44 PM com.sun.faban.driver.engine.MasterImpl configureAgents
INFO: Configuring 1 SearchDriverAgents...
Jun 09, 2020 9:51:47 PM com.sun.faban.driver.engine.MasterImpl executeRun
INFO: Started all threads; run commences in 2999 ms
Jun 09, 2020 9:52:20 PM com.sun.faban.driver.engine.MasterImpl executeRun
INFO: Ramp up completed
Jun 09, 2020 10:12:20 PM com.sun.faban.driver.engine.MasterImpl executeRun
INFO: Steady state completed
Jun 09, 2020 10:12:50 PM com.sun.faban.driver.engine.MasterImpl executeRun
INFO: Ramp down completed
Jun 09, 2020 10:12:50 PM com.sun.faban.driver.engine.MasterImpl getDriverMetrics
INFO: Gathering SearchDriverStats ...
Jun 09, 2020 10:12:50 PM com.sun.faban.driver.engine.MasterImpl generateReports
INFO: Printing Summary report ...
Jun 09, 2020 10:12:50 PM com.sun.faban.driver.engine.MasterImpl generateReports
INFO: Summary finished. Now printing detail ...
Jun 09, 2020 10:12:50 PM com.sun.faban.driver.engine.MasterImpl generateReports
INFO: Detail finished. Results written to /home/cc/elastic-hurryup/db/397.
Jun 09, 2020 10:12:50 PM com.sun.faban.driver.engine.MasterImpl generateReports
INFO: Hash of generated summary.xml file [MqECyPPh5uDnSMXTEILMqUHd/SFArOxe1lJcJKs0D/5/DmO4AykbrC9u27UOGjCMRo540OvzaTmk6fBrEw0dhQ==]
