Jun 06, 2020 10:27:17 PM com.sun.faban.driver.engine.MasterImpl configureAgents
INFO: Configuring 1 SearchDriverAgents...
Jun 06, 2020 10:27:22 PM com.sun.faban.driver.engine.MasterImpl executeRun
INFO: Started all threads; run commences in 2997 ms
Jun 06, 2020 10:27:55 PM com.sun.faban.driver.engine.MasterImpl executeRun
INFO: Ramp up completed
Jun 06, 2020 10:47:55 PM com.sun.faban.driver.engine.MasterImpl executeRun
INFO: Steady state completed
Jun 06, 2020 10:48:25 PM com.sun.faban.driver.engine.MasterImpl executeRun
INFO: Ramp down completed
Jun 06, 2020 10:48:25 PM com.sun.faban.driver.engine.MasterImpl getDriverMetrics
INFO: Gathering SearchDriverStats ...
Jun 06, 2020 10:48:25 PM com.sun.faban.driver.engine.MasterImpl generateReports
INFO: Printing Summary report ...
Jun 06, 2020 10:48:25 PM com.sun.faban.driver.engine.MasterImpl generateReports
INFO: Summary finished. Now printing detail ...
Jun 06, 2020 10:48:25 PM com.sun.faban.driver.engine.MasterImpl generateReports
INFO: Detail finished. Results written to /home/cc/elastic-hurryup/db/380.
Jun 06, 2020 10:48:25 PM com.sun.faban.driver.engine.MasterImpl generateReports
INFO: Hash of generated summary.xml file [BjuZubf4bz8XJBSiVnuTPxzfgD0TUIbE2+FAJ+6dzODFHC2zv+ss9BfziwnoP9IDHQoXeFGDMkDX3z9fv0J4OQ==]
