Jun 03, 2020 11:35:22 PM com.sun.faban.driver.engine.MasterImpl configureAgents
INFO: Configuring 1 SearchDriverAgents...
Jun 03, 2020 11:35:25 PM com.sun.faban.driver.engine.MasterImpl executeRun
INFO: Started all threads; run commences in 2999 ms
Jun 03, 2020 11:35:58 PM com.sun.faban.driver.engine.MasterImpl executeRun
INFO: Ramp up completed
Jun 03, 2020 11:55:58 PM com.sun.faban.driver.engine.MasterImpl executeRun
INFO: Steady state completed
Jun 03, 2020 11:56:28 PM com.sun.faban.driver.engine.MasterImpl executeRun
INFO: Ramp down completed
Jun 03, 2020 11:56:28 PM com.sun.faban.driver.engine.MasterImpl getDriverMetrics
INFO: Gathering SearchDriverStats ...
Jun 03, 2020 11:56:28 PM com.sun.faban.driver.engine.MasterImpl generateReports
INFO: Printing Summary report ...
Jun 03, 2020 11:56:28 PM com.sun.faban.driver.engine.MasterImpl generateReports
INFO: Summary finished. Now printing detail ...
Jun 03, 2020 11:56:28 PM com.sun.faban.driver.engine.MasterImpl generateReports
INFO: Detail finished. Results written to /home/cc/elastic-hurryup/db/334.
Jun 03, 2020 11:56:28 PM com.sun.faban.driver.engine.MasterImpl generateReports
INFO: Hash of generated summary.xml file [miP6f4yxmWNOxyXo36FxUtnavPeOifcG5YzaL6a04WsZ548fJ/OzarFOZB30Q2RSnzpROR0542Lk6hyVDQ+uww==]
