Sep 25, 2022 12:30:42 PM com.sun.faban.driver.engine.MasterImpl configureAgents
INFO: Configuring 1 SearchDriverAgents...
Sep 25, 2022 12:30:45 PM com.sun.faban.driver.engine.MasterImpl executeRun
INFO: Started all threads; run commences in 2998 ms
Sep 25, 2022 12:31:48 PM com.sun.faban.driver.engine.MasterImpl executeRun
INFO: Ramp up completed
Sep 25, 2022 12:51:48 PM com.sun.faban.driver.engine.MasterImpl executeRun
INFO: Steady state completed
Sep 25, 2022 12:52:48 PM com.sun.faban.driver.engine.MasterImpl executeRun
INFO: Ramp down completed
Sep 25, 2022 12:52:48 PM com.sun.faban.driver.engine.MasterImpl getDriverMetrics
INFO: Gathering SearchDriverStats ...
Sep 25, 2022 12:52:49 PM com.sun.faban.driver.engine.MasterImpl generateReports
INFO: Printing Summary report ...
Sep 25, 2022 12:52:49 PM com.sun.faban.driver.engine.MasterImpl generateReports
INFO: Summary finished. Now printing detail ...
Sep 25, 2022 12:52:49 PM com.sun.faban.driver.engine.MasterImpl generateReports
INFO: Detail finished. Results written to /home/cc/elastic-hurryup/db/59.
Sep 25, 2022 12:52:49 PM com.sun.faban.driver.engine.MasterImpl generateReports
INFO: Hash of generated summary.xml file [NKbf6FzC8GNBRHjDTedQBn5twjeHLMTcEQZjtIPjyipCjKK36n7oRAiRkadNV8/+u1rWHa7c4WUf+490zqn/Wg==]
