Jun 02, 2020 6:36:32 PM com.sun.faban.driver.engine.MasterImpl configureAgents
INFO: Configuring 1 SearchDriverAgents...
Jun 02, 2020 6:36:36 PM com.sun.faban.driver.engine.MasterImpl executeRun
INFO: Started all threads; run commences in 2998 ms
Jun 02, 2020 6:37:09 PM com.sun.faban.driver.engine.MasterImpl executeRun
INFO: Ramp up completed
Jun 02, 2020 6:47:09 PM com.sun.faban.driver.engine.MasterImpl executeRun
INFO: Steady state completed
Jun 02, 2020 6:47:39 PM com.sun.faban.driver.engine.MasterImpl executeRun
INFO: Ramp down completed
Jun 02, 2020 6:47:39 PM com.sun.faban.driver.engine.MasterImpl getDriverMetrics
INFO: Gathering SearchDriverStats ...
Jun 02, 2020 6:47:39 PM com.sun.faban.driver.engine.MasterImpl generateReports
INFO: Printing Summary report ...
Jun 02, 2020 6:47:39 PM com.sun.faban.driver.engine.MasterImpl generateReports
INFO: Summary finished. Now printing detail ...
Jun 02, 2020 6:47:39 PM com.sun.faban.driver.engine.MasterImpl generateReports
INFO: Detail finished. Results written to /home/cc/elastic-hurryup/db/315.
Jun 02, 2020 6:47:39 PM com.sun.faban.driver.engine.MasterImpl generateReports
INFO: Hash of generated summary.xml file [U/3cIwP5/R2OgRCHLvky1xdxu81e05mus3idAWVVJmFZtrWmAoiodNwydPEnxB9P2HrQv1UIV/a2GhVtJ8iKyQ==]
