Apr 22, 2020 8:55:27 PM com.sun.faban.driver.engine.MasterImpl configureAgents
INFO: Configuring 1 SearchDriverAgents...
Apr 22, 2020 8:55:30 PM com.sun.faban.driver.engine.MasterImpl executeRun
INFO: Started all threads; run commences in 2998 ms
Apr 22, 2020 8:56:33 PM com.sun.faban.driver.engine.MasterImpl executeRun
INFO: Ramp up completed
Apr 22, 2020 9:16:33 PM com.sun.faban.driver.engine.MasterImpl executeRun
INFO: Steady state completed
Apr 22, 2020 9:17:36 PM com.sun.faban.driver.engine.MasterImpl executeRun
INFO: Ramp down completed
Apr 22, 2020 9:17:36 PM com.sun.faban.driver.engine.MasterImpl getDriverMetrics
INFO: Gathering SearchDriverStats ...
Apr 22, 2020 9:17:36 PM com.sun.faban.driver.engine.MasterImpl generateReports
INFO: Printing Summary report ...
Apr 22, 2020 9:17:36 PM com.sun.faban.driver.engine.MasterImpl generateReports
INFO: Summary finished. Now printing detail ...
Apr 22, 2020 9:17:36 PM com.sun.faban.driver.engine.MasterImpl generateReports
INFO: Detail finished. Results written to /home/cc/elastic-hurryup/db/46.
Apr 22, 2020 9:17:36 PM com.sun.faban.driver.engine.MasterImpl generateReports
INFO: Hash of generated summary.xml file [GBUNwbo6pjJugvRXcXB+wI+ynsFPpKSKvISlCJEU+fNbS5bypRbXrVCC2ApiSD/F/giPe3UVDYjb7vnlFT2xtQ==]
