Jun 07, 2020 2:10:14 AM com.sun.faban.driver.engine.MasterImpl configureAgents
INFO: Configuring 1 SearchDriverAgents...
Jun 07, 2020 2:10:18 AM com.sun.faban.driver.engine.MasterImpl executeRun
INFO: Started all threads; run commences in 2997 ms
Jun 07, 2020 2:10:51 AM com.sun.faban.driver.engine.MasterImpl executeRun
INFO: Ramp up completed
Jun 07, 2020 2:30:51 AM com.sun.faban.driver.engine.MasterImpl executeRun
INFO: Steady state completed
Jun 07, 2020 2:31:21 AM com.sun.faban.driver.engine.MasterImpl executeRun
INFO: Ramp down completed
Jun 07, 2020 2:31:21 AM com.sun.faban.driver.engine.MasterImpl getDriverMetrics
INFO: Gathering SearchDriverStats ...
Jun 07, 2020 2:31:21 AM com.sun.faban.driver.engine.MasterImpl generateReports
INFO: Printing Summary report ...
Jun 07, 2020 2:31:21 AM com.sun.faban.driver.engine.MasterImpl generateReports
INFO: Summary finished. Now printing detail ...
Jun 07, 2020 2:31:21 AM com.sun.faban.driver.engine.MasterImpl generateReports
INFO: Detail finished. Results written to /home/cc/elastic-hurryup/db/387.
Jun 07, 2020 2:31:21 AM com.sun.faban.driver.engine.MasterImpl generateReports
INFO: Hash of generated summary.xml file [KJAQ1sSNuf+5pBpU5MmH+JwbB/NDDK2LjlnLoSQzOkh+Q2bVNxBsawEvo5u0D/3Rcqobk7n6jGqSqPRNIgeLpQ==]
