May 31, 2020 8:18:11 PM com.sun.faban.driver.engine.MasterImpl configureAgents
INFO: Configuring 1 SearchDriverAgents...
May 31, 2020 8:18:16 PM com.sun.faban.driver.engine.MasterImpl executeRun
INFO: Started all threads; run commences in 2997 ms
May 31, 2020 8:18:49 PM com.sun.faban.driver.engine.MasterImpl executeRun
INFO: Ramp up completed
May 31, 2020 8:28:49 PM com.sun.faban.driver.engine.MasterImpl executeRun
INFO: Steady state completed
May 31, 2020 8:29:19 PM com.sun.faban.driver.engine.MasterImpl executeRun
INFO: Ramp down completed
May 31, 2020 8:29:19 PM com.sun.faban.driver.engine.MasterImpl getDriverMetrics
INFO: Gathering SearchDriverStats ...
May 31, 2020 8:29:19 PM com.sun.faban.driver.engine.MasterImpl generateReports
INFO: Printing Summary report ...
May 31, 2020 8:29:19 PM com.sun.faban.driver.engine.MasterImpl generateReports
INFO: Summary finished. Now printing detail ...
May 31, 2020 8:29:19 PM com.sun.faban.driver.engine.MasterImpl generateReports
INFO: Detail finished. Results written to /home/cc/elastic-hurryup/db/287.
May 31, 2020 8:29:19 PM com.sun.faban.driver.engine.MasterImpl generateReports
INFO: Hash of generated summary.xml file [wz86T3PYHHgCJVn+LccAm/11JJ3NdhCcQSjQaSR1VJS+EVG2j42cbEyGyI7XxhEe/5toiZg91cQNWr3bea2v/Q==]
