Sep 22, 2022 12:57:22 PM com.sun.faban.driver.engine.MasterImpl configureAgents
INFO: Configuring 1 SearchDriverAgents...
Sep 22, 2022 12:57:26 PM com.sun.faban.driver.engine.MasterImpl executeRun
INFO: Started all threads; run commences in 2996 ms
Sep 22, 2022 12:58:29 PM com.sun.faban.driver.engine.MasterImpl executeRun
INFO: Ramp up completed
Sep 22, 2022 1:18:29 PM com.sun.faban.driver.engine.MasterImpl executeRun
INFO: Steady state completed
Sep 22, 2022 1:19:29 PM com.sun.faban.driver.engine.MasterImpl executeRun
INFO: Ramp down completed
Sep 22, 2022 1:19:29 PM com.sun.faban.driver.engine.MasterImpl getDriverMetrics
INFO: Gathering SearchDriverStats ...
Sep 22, 2022 1:19:29 PM com.sun.faban.driver.engine.MasterImpl generateReports
INFO: Printing Summary report ...
Sep 22, 2022 1:19:29 PM com.sun.faban.driver.engine.MasterImpl generateReports
INFO: Summary finished. Now printing detail ...
Sep 22, 2022 1:19:29 PM com.sun.faban.driver.engine.MasterImpl generateReports
INFO: Detail finished. Results written to /home/cc/elastic-hurryup/db/14.
Sep 22, 2022 1:19:29 PM com.sun.faban.driver.engine.MasterImpl generateReports
INFO: Hash of generated summary.xml file [u9JkPRPfYMCbMmrXAJW2jTRYOPxkzqzpW2CLrU3mt1++tDEJ3A4E0CMdRpRIxkbuD0FOj7TCMTZ9uVp68AHlRA==]
