May 20, 2020 7:33:11 PM com.sun.faban.driver.engine.MasterImpl configureAgents
INFO: Configuring 1 SearchDriverAgents...
May 20, 2020 7:33:15 PM com.sun.faban.driver.engine.MasterImpl executeRun
INFO: Started all threads; run commences in 2997 ms
May 20, 2020 7:33:48 PM com.sun.faban.driver.engine.MasterImpl executeRun
INFO: Ramp up completed
May 20, 2020 7:53:48 PM com.sun.faban.driver.engine.MasterImpl executeRun
INFO: Steady state completed
May 20, 2020 7:54:18 PM com.sun.faban.driver.engine.MasterImpl executeRun
INFO: Ramp down completed
May 20, 2020 7:54:18 PM com.sun.faban.driver.engine.MasterImpl getDriverMetrics
INFO: Gathering SearchDriverStats ...
May 20, 2020 7:54:18 PM com.sun.faban.driver.engine.MasterImpl generateReports
INFO: Printing Summary report ...
May 20, 2020 7:54:18 PM com.sun.faban.driver.engine.MasterImpl generateReports
INFO: Summary finished. Now printing detail ...
May 20, 2020 7:54:18 PM com.sun.faban.driver.engine.MasterImpl generateReports
INFO: Detail finished. Results written to /home/cc/elastic-hurryup/db/165.
May 20, 2020 7:54:18 PM com.sun.faban.driver.engine.MasterImpl generateReports
INFO: Hash of generated summary.xml file [TU+Y2hP4INQK22PsN1ier03iyqHNsW3RsK/XmUFZkqoU0/ORtPmXzrlQqlSsLGy6m7vA7euMmf9NLg3sz76hWQ==]
