Apr 24, 2020 12:51:27 PM com.sun.faban.driver.engine.MasterImpl configureAgents
INFO: Configuring 1 SearchDriverAgents...
Apr 24, 2020 12:51:31 PM com.sun.faban.driver.engine.MasterImpl executeRun
INFO: Started all threads; run commences in 2997 ms
Apr 24, 2020 12:52:34 PM com.sun.faban.driver.engine.MasterImpl executeRun
INFO: Ramp up completed
Apr 24, 2020 1:12:34 PM com.sun.faban.driver.engine.MasterImpl executeRun
INFO: Steady state completed
Apr 24, 2020 1:13:34 PM com.sun.faban.driver.engine.MasterImpl executeRun
INFO: Ramp down completed
Apr 24, 2020 1:13:34 PM com.sun.faban.driver.engine.MasterImpl getDriverMetrics
INFO: Gathering SearchDriverStats ...
Apr 24, 2020 1:13:34 PM com.sun.faban.driver.engine.MasterImpl generateReports
INFO: Printing Summary report ...
Apr 24, 2020 1:13:34 PM com.sun.faban.driver.engine.MasterImpl generateReports
INFO: Summary finished. Now printing detail ...
Apr 24, 2020 1:13:34 PM com.sun.faban.driver.engine.MasterImpl generateReports
INFO: Detail finished. Results written to /home/cc/elastic-hurryup/db/58.
Apr 24, 2020 1:13:34 PM com.sun.faban.driver.engine.MasterImpl generateReports
INFO: Hash of generated summary.xml file [VU7mpSV2o/BwZROaUiuVnavRFNocA38pJyg4k/g6VEQ7p2b38oljeQ6CqIBeWbEslgmXOefWkFrfBUm9ALUP0w==]
