Jun 13, 2020 12:03:51 AM com.sun.faban.driver.engine.MasterImpl configureAgents
INFO: Configuring 1 SearchDriverAgents...
Jun 13, 2020 12:03:56 AM com.sun.faban.driver.engine.MasterImpl executeRun
INFO: Started all threads; run commences in 2997 ms
Jun 13, 2020 12:04:29 AM com.sun.faban.driver.engine.MasterImpl executeRun
INFO: Ramp up completed
Jun 13, 2020 12:14:29 AM com.sun.faban.driver.engine.MasterImpl executeRun
INFO: Steady state completed
Jun 13, 2020 12:14:59 AM com.sun.faban.driver.engine.MasterImpl executeRun
INFO: Ramp down completed
Jun 13, 2020 12:14:59 AM com.sun.faban.driver.engine.MasterImpl getDriverMetrics
INFO: Gathering SearchDriverStats ...
Jun 13, 2020 12:14:59 AM com.sun.faban.driver.engine.MasterImpl generateReports
INFO: Printing Summary report ...
Jun 13, 2020 12:14:59 AM com.sun.faban.driver.engine.MasterImpl generateReports
INFO: Summary finished. Now printing detail ...
Jun 13, 2020 12:14:59 AM com.sun.faban.driver.engine.MasterImpl generateReports
INFO: Detail finished. Results written to /home/cc/elastic-hurryup/db/449.
Jun 13, 2020 12:14:59 AM com.sun.faban.driver.engine.MasterImpl generateReports
INFO: Hash of generated summary.xml file [RJEQAEDDE8ci8rxkO+4PR3VejM8sfmZbFSGBb9OZNAdklL20XDCVCm8szWlkdyn7VzwrpUCWJ9rg1bLU27ixYw==]
