Apr 28, 2020 7:42:33 PM com.sun.faban.driver.engine.MasterImpl configureAgents
INFO: Configuring 1 SearchDriverAgents...
Apr 28, 2020 7:42:38 PM com.sun.faban.driver.engine.MasterImpl executeRun
INFO: Started all threads; run commences in 2997 ms
Apr 28, 2020 7:43:41 PM com.sun.faban.driver.engine.MasterImpl executeRun
INFO: Ramp up completed
Apr 28, 2020 8:03:41 PM com.sun.faban.driver.engine.MasterImpl executeRun
INFO: Steady state completed
Apr 28, 2020 8:04:41 PM com.sun.faban.driver.engine.MasterImpl executeRun
INFO: Ramp down completed
Apr 28, 2020 8:04:41 PM com.sun.faban.driver.engine.MasterImpl getDriverMetrics
INFO: Gathering SearchDriverStats ...
Apr 28, 2020 8:04:41 PM com.sun.faban.driver.engine.MasterImpl generateReports
INFO: Printing Summary report ...
Apr 28, 2020 8:04:41 PM com.sun.faban.driver.engine.MasterImpl generateReports
INFO: Summary finished. Now printing detail ...
Apr 28, 2020 8:04:41 PM com.sun.faban.driver.engine.MasterImpl generateReports
INFO: Detail finished. Results written to /home/cc/elastic-hurryup/db/76.
Apr 28, 2020 8:04:41 PM com.sun.faban.driver.engine.MasterImpl generateReports
INFO: Hash of generated summary.xml file [eodhbZ+S2jCrUGgKvsiAodJLc+SB7HemJmyq978xzRJfsDnpP1+7twrtrST1MSBMCIB5QXvjnKuSl5TzPVIxvA==]
