Jun 06, 2020 1:30:20 AM com.sun.faban.driver.engine.MasterImpl configureAgents
INFO: Configuring 1 SearchDriverAgents...
Jun 06, 2020 1:30:24 AM com.sun.faban.driver.engine.MasterImpl executeRun
INFO: Started all threads; run commences in 2997 ms
Jun 06, 2020 1:30:57 AM com.sun.faban.driver.engine.MasterImpl executeRun
INFO: Ramp up completed
Jun 06, 2020 1:50:57 AM com.sun.faban.driver.engine.MasterImpl executeRun
INFO: Steady state completed
Jun 06, 2020 1:51:28 AM com.sun.faban.driver.engine.MasterImpl executeRun
INFO: Ramp down completed
Jun 06, 2020 1:51:28 AM com.sun.faban.driver.engine.MasterImpl getDriverMetrics
INFO: Gathering SearchDriverStats ...
Jun 06, 2020 1:51:28 AM com.sun.faban.driver.engine.MasterImpl generateReports
INFO: Printing Summary report ...
Jun 06, 2020 1:51:28 AM com.sun.faban.driver.engine.MasterImpl generateReports
INFO: Summary finished. Now printing detail ...
Jun 06, 2020 1:51:28 AM com.sun.faban.driver.engine.MasterImpl generateReports
INFO: Detail finished. Results written to /home/cc/elastic-hurryup/db/370.
Jun 06, 2020 1:51:28 AM com.sun.faban.driver.engine.MasterImpl generateReports
INFO: Hash of generated summary.xml file [NTJ/lYqx/BQyPEAHure9al63sflvUSjWIShzA4inFWa3+S40RtZp2J3xGetnxyF++cCDXc7YwI34eY7VAZkIQw==]
