May 04, 2020 8:21:17 PM com.sun.faban.driver.engine.MasterImpl configureAgents
INFO: Configuring 1 SearchDriverAgents...
May 04, 2020 8:21:22 PM com.sun.faban.driver.engine.MasterImpl executeRun
INFO: Started all threads; run commences in 2997 ms
May 04, 2020 8:22:25 PM com.sun.faban.driver.engine.MasterImpl executeRun
INFO: Ramp up completed
May 04, 2020 8:42:25 PM com.sun.faban.driver.engine.MasterImpl executeRun
INFO: Steady state completed
May 04, 2020 8:43:25 PM com.sun.faban.driver.engine.MasterImpl executeRun
INFO: Ramp down completed
May 04, 2020 8:43:25 PM com.sun.faban.driver.engine.MasterImpl getDriverMetrics
INFO: Gathering SearchDriverStats ...
May 04, 2020 8:43:25 PM com.sun.faban.driver.engine.MasterImpl generateReports
INFO: Printing Summary report ...
May 04, 2020 8:43:25 PM com.sun.faban.driver.engine.MasterImpl generateReports
INFO: Summary finished. Now printing detail ...
May 04, 2020 8:43:25 PM com.sun.faban.driver.engine.MasterImpl generateReports
INFO: Detail finished. Results written to /home/cc/elastic-hurryup/db/116.
May 04, 2020 8:43:25 PM com.sun.faban.driver.engine.MasterImpl generateReports
INFO: Hash of generated summary.xml file [dkoy+Pn3T4ZSxixUiBeJ522BJ5MhHBWG/29BE1z4/xsM46ibOMq7x1QjcYEaxgaTjstGkE15ZOAtOwV9PZyqoA==]
