Apr 17, 2020 8:46:12 PM com.sun.faban.driver.engine.MasterImpl configureAgents
INFO: Configuring 1 SearchDriverAgents...
Apr 17, 2020 8:46:16 PM com.sun.faban.driver.engine.MasterImpl executeRun
INFO: Started all threads; run commences in 2999 ms
Apr 17, 2020 8:47:19 PM com.sun.faban.driver.engine.MasterImpl executeRun
INFO: Ramp up completed
Apr 17, 2020 9:07:19 PM com.sun.faban.driver.engine.MasterImpl executeRun
INFO: Steady state completed
Apr 17, 2020 9:08:30 PM com.sun.faban.driver.engine.MasterImpl executeRun
INFO: Ramp down completed
Apr 17, 2020 9:08:30 PM com.sun.faban.driver.engine.MasterImpl getDriverMetrics
INFO: Gathering SearchDriverStats ...
Apr 17, 2020 9:08:30 PM com.sun.faban.driver.engine.MasterImpl generateReports
INFO: Printing Summary report ...
Apr 17, 2020 9:08:30 PM com.sun.faban.driver.engine.MasterImpl generateReports
INFO: Summary finished. Now printing detail ...
Apr 17, 2020 9:08:30 PM com.sun.faban.driver.engine.MasterImpl generateReports
INFO: Detail finished. Results written to /home/cc/elastic-hurryup/db/34.
Apr 17, 2020 9:08:30 PM com.sun.faban.driver.engine.MasterImpl generateReports
INFO: Hash of generated summary.xml file [xcxgtcrEUi1sjH/D/R7pYyxbVdPia/jva8Da0k2HetmXjsQPBUfMhPMqblO8966t7y90NCucIdDd8/qSDAvCCw==]
