Apr 29, 2020 11:21:16 PM com.sun.faban.driver.engine.MasterImpl configureAgents
INFO: Configuring 1 SearchDriverAgents...
Apr 29, 2020 11:21:21 PM com.sun.faban.driver.engine.MasterImpl executeRun
INFO: Started all threads; run commences in 2997 ms
Apr 29, 2020 11:22:24 PM com.sun.faban.driver.engine.MasterImpl executeRun
INFO: Ramp up completed
Apr 29, 2020 11:42:24 PM com.sun.faban.driver.engine.MasterImpl executeRun
INFO: Steady state completed
Apr 29, 2020 11:43:25 PM com.sun.faban.driver.engine.MasterImpl executeRun
INFO: Ramp down completed
Apr 29, 2020 11:43:25 PM com.sun.faban.driver.engine.MasterImpl getDriverMetrics
INFO: Gathering SearchDriverStats ...
Apr 29, 2020 11:43:25 PM com.sun.faban.driver.engine.MasterImpl generateReports
INFO: Printing Summary report ...
Apr 29, 2020 11:43:25 PM com.sun.faban.driver.engine.MasterImpl generateReports
INFO: Summary finished. Now printing detail ...
Apr 29, 2020 11:43:25 PM com.sun.faban.driver.engine.MasterImpl generateReports
INFO: Detail finished. Results written to /home/cc/elastic-hurryup/db/88.
Apr 29, 2020 11:43:25 PM com.sun.faban.driver.engine.MasterImpl generateReports
INFO: Hash of generated summary.xml file [QKPmHlevwgNAZYiN5JWtKrmk9giwBBA+PwZaJWnvLXyYC7JvNbv1ARVIcZMzju3UqcCZ2WISs9FXeqUNovR03g==]
