Jun 12, 2020 11:27:24 PM com.sun.faban.driver.engine.MasterImpl configureAgents
INFO: Configuring 1 SearchDriverAgents...
Jun 12, 2020 11:27:29 PM com.sun.faban.driver.engine.MasterImpl executeRun
INFO: Started all threads; run commences in 2997 ms
Jun 12, 2020 11:28:02 PM com.sun.faban.driver.engine.MasterImpl executeRun
INFO: Ramp up completed
Jun 12, 2020 11:38:02 PM com.sun.faban.driver.engine.MasterImpl executeRun
INFO: Steady state completed
Jun 12, 2020 11:38:32 PM com.sun.faban.driver.engine.MasterImpl executeRun
INFO: Ramp down completed
Jun 12, 2020 11:38:32 PM com.sun.faban.driver.engine.MasterImpl getDriverMetrics
INFO: Gathering SearchDriverStats ...
Jun 12, 2020 11:38:32 PM com.sun.faban.driver.engine.MasterImpl generateReports
INFO: Printing Summary report ...
Jun 12, 2020 11:38:32 PM com.sun.faban.driver.engine.MasterImpl generateReports
INFO: Summary finished. Now printing detail ...
Jun 12, 2020 11:38:32 PM com.sun.faban.driver.engine.MasterImpl generateReports
INFO: Detail finished. Results written to /home/cc/elastic-hurryup/db/448.
Jun 12, 2020 11:38:32 PM com.sun.faban.driver.engine.MasterImpl generateReports
INFO: Hash of generated summary.xml file [nLlX47gEJtkdavsuhGnPRy/PAMCnuV4bC0Z1k7e5vX2KSUzWKG1qxBKV5AY8Mnx2K2zsVFKm2+KI1sGPaZGZQg==]
