May 28, 2020 9:21:53 PM com.sun.faban.driver.engine.MasterImpl configureAgents
INFO: Configuring 1 SearchDriverAgents...
May 28, 2020 9:21:57 PM com.sun.faban.driver.engine.MasterImpl executeRun
INFO: Started all threads; run commences in 2997 ms
May 28, 2020 9:22:30 PM com.sun.faban.driver.engine.MasterImpl executeRun
INFO: Ramp up completed
May 28, 2020 9:42:30 PM com.sun.faban.driver.engine.MasterImpl executeRun
INFO: Steady state completed
May 28, 2020 9:43:01 PM com.sun.faban.driver.engine.MasterImpl executeRun
INFO: Ramp down completed
May 28, 2020 9:43:01 PM com.sun.faban.driver.engine.MasterImpl getDriverMetrics
INFO: Gathering SearchDriverStats ...
May 28, 2020 9:43:01 PM com.sun.faban.driver.engine.MasterImpl generateReports
INFO: Printing Summary report ...
May 28, 2020 9:43:01 PM com.sun.faban.driver.engine.MasterImpl generateReports
INFO: Summary finished. Now printing detail ...
May 28, 2020 9:43:01 PM com.sun.faban.driver.engine.MasterImpl generateReports
INFO: Detail finished. Results written to /home/cc/elastic-hurryup/db/275.
May 28, 2020 9:43:01 PM com.sun.faban.driver.engine.MasterImpl generateReports
INFO: Hash of generated summary.xml file [qXTaO2fypwlw9b3/X+LjO7893nEKf+smx10of6oGFps8aba6ifvyP9vMlQWMU/1PtBDpLS2L23mfPw1OWOspgg==]
