May 03, 2020 6:09:51 PM com.sun.faban.driver.engine.MasterImpl configureAgents
INFO: Configuring 1 SearchDriverAgents...
May 03, 2020 6:09:56 PM com.sun.faban.driver.engine.MasterImpl executeRun
INFO: Started all threads; run commences in 2997 ms
May 03, 2020 6:10:59 PM com.sun.faban.driver.engine.MasterImpl executeRun
INFO: Ramp up completed
May 03, 2020 6:30:59 PM com.sun.faban.driver.engine.MasterImpl executeRun
INFO: Steady state completed
May 03, 2020 6:31:59 PM com.sun.faban.driver.engine.MasterImpl executeRun
INFO: Ramp down completed
May 03, 2020 6:31:59 PM com.sun.faban.driver.engine.MasterImpl getDriverMetrics
INFO: Gathering SearchDriverStats ...
May 03, 2020 6:31:59 PM com.sun.faban.driver.engine.MasterImpl generateReports
INFO: Printing Summary report ...
May 03, 2020 6:31:59 PM com.sun.faban.driver.engine.MasterImpl generateReports
INFO: Summary finished. Now printing detail ...
May 03, 2020 6:31:59 PM com.sun.faban.driver.engine.MasterImpl generateReports
INFO: Detail finished. Results written to /home/cc/elastic-hurryup/db/105.
May 03, 2020 6:31:59 PM com.sun.faban.driver.engine.MasterImpl generateReports
INFO: Hash of generated summary.xml file [fZ8LAmD/Cwt1aShSREG01U0Cg8TxJHqt6aJ/Ru2tdCya83FN00TCg+9gVokNORgohMkzmeIt2qIh/l1xOi6csA==]
