May 31, 2020 10:50:34 PM com.sun.faban.driver.engine.MasterImpl configureAgents
INFO: Configuring 1 SearchDriverAgents...
May 31, 2020 10:50:38 PM com.sun.faban.driver.engine.MasterImpl executeRun
INFO: Started all threads; run commences in 2998 ms
May 31, 2020 10:51:11 PM com.sun.faban.driver.engine.MasterImpl executeRun
INFO: Ramp up completed
May 31, 2020 11:01:11 PM com.sun.faban.driver.engine.MasterImpl executeRun
INFO: Steady state completed
May 31, 2020 11:01:42 PM com.sun.faban.driver.engine.MasterImpl executeRun
INFO: Ramp down completed
May 31, 2020 11:01:42 PM com.sun.faban.driver.engine.MasterImpl getDriverMetrics
INFO: Gathering SearchDriverStats ...
May 31, 2020 11:01:42 PM com.sun.faban.driver.engine.MasterImpl generateReports
INFO: Printing Summary report ...
May 31, 2020 11:01:42 PM com.sun.faban.driver.engine.MasterImpl generateReports
INFO: Summary finished. Now printing detail ...
May 31, 2020 11:01:42 PM com.sun.faban.driver.engine.MasterImpl generateReports
INFO: Detail finished. Results written to /home/cc/elastic-hurryup/db/295.
May 31, 2020 11:01:42 PM com.sun.faban.driver.engine.MasterImpl generateReports
INFO: Hash of generated summary.xml file [TSzQ3SU2uGIA5PF570kku4vgkHnpjk3cbj4BYlzO0idWXXJjB7aMAHNpplaIL8eavLCEppbPABjIWo/Ai8frOw==]
