Jun 02, 2020 6:24:36 PM com.sun.faban.driver.engine.MasterImpl configureAgents
INFO: Configuring 1 SearchDriverAgents...
Jun 02, 2020 6:24:39 PM com.sun.faban.driver.engine.MasterImpl executeRun
INFO: Started all threads; run commences in 2998 ms
Jun 02, 2020 6:25:12 PM com.sun.faban.driver.engine.MasterImpl executeRun
INFO: Ramp up completed
Jun 02, 2020 6:35:12 PM com.sun.faban.driver.engine.MasterImpl executeRun
INFO: Steady state completed
Jun 02, 2020 6:35:42 PM com.sun.faban.driver.engine.MasterImpl executeRun
INFO: Ramp down completed
Jun 02, 2020 6:35:42 PM com.sun.faban.driver.engine.MasterImpl getDriverMetrics
INFO: Gathering SearchDriverStats ...
Jun 02, 2020 6:35:42 PM com.sun.faban.driver.engine.MasterImpl generateReports
INFO: Printing Summary report ...
Jun 02, 2020 6:35:42 PM com.sun.faban.driver.engine.MasterImpl generateReports
INFO: Summary finished. Now printing detail ...
Jun 02, 2020 6:35:43 PM com.sun.faban.driver.engine.MasterImpl generateReports
INFO: Detail finished. Results written to /home/cc/elastic-hurryup/db/314.
Jun 02, 2020 6:35:43 PM com.sun.faban.driver.engine.MasterImpl generateReports
INFO: Hash of generated summary.xml file [+DoAEOAjFb+TlnI5zbM+kSd6xibjflgC9zi16jBJ8KG1dszCRK5hRvxc5gx2wNG7sGiosDp+wRpPtLNGyC9X0Q==]
