May 05, 2020 3:18:28 AM com.sun.faban.driver.engine.MasterImpl configureAgents
INFO: Configuring 1 SearchDriverAgents...
May 05, 2020 3:18:33 AM com.sun.faban.driver.engine.MasterImpl executeRun
INFO: Started all threads; run commences in 2997 ms
May 05, 2020 3:19:36 AM com.sun.faban.driver.engine.MasterImpl executeRun
INFO: Ramp up completed
May 05, 2020 3:39:36 AM com.sun.faban.driver.engine.MasterImpl executeRun
INFO: Steady state completed
May 05, 2020 3:40:36 AM com.sun.faban.driver.engine.MasterImpl executeRun
INFO: Ramp down completed
May 05, 2020 3:40:36 AM com.sun.faban.driver.engine.MasterImpl getDriverMetrics
INFO: Gathering SearchDriverStats ...
May 05, 2020 3:40:36 AM com.sun.faban.driver.engine.MasterImpl generateReports
INFO: Printing Summary report ...
May 05, 2020 3:40:36 AM com.sun.faban.driver.engine.MasterImpl generateReports
INFO: Summary finished. Now printing detail ...
May 05, 2020 3:40:36 AM com.sun.faban.driver.engine.MasterImpl generateReports
INFO: Detail finished. Results written to /home/cc/elastic-hurryup/db/125.
May 05, 2020 3:40:36 AM com.sun.faban.driver.engine.MasterImpl generateReports
INFO: Hash of generated summary.xml file [s64Qr6t1rDLIiOkesTd5RQG+FEMkFmOf8mWEmcSCbM7EuStw++wAnHRJ3OCLhNLQJFBNBCKuUqHAHWe8X/YJrg==]
