Jun 09, 2020 7:20:17 PM com.sun.faban.driver.engine.MasterImpl configureAgents
INFO: Configuring 1 SearchDriverAgents...
Jun 09, 2020 7:20:21 PM com.sun.faban.driver.engine.MasterImpl executeRun
INFO: Started all threads; run commences in 2997 ms
Jun 09, 2020 7:20:54 PM com.sun.faban.driver.engine.MasterImpl executeRun
INFO: Ramp up completed
Jun 09, 2020 7:40:54 PM com.sun.faban.driver.engine.MasterImpl executeRun
INFO: Steady state completed
Jun 09, 2020 7:41:25 PM com.sun.faban.driver.engine.MasterImpl executeRun
INFO: Ramp down completed
Jun 09, 2020 7:41:25 PM com.sun.faban.driver.engine.MasterImpl getDriverMetrics
INFO: Gathering SearchDriverStats ...
Jun 09, 2020 7:41:25 PM com.sun.faban.driver.engine.MasterImpl generateReports
INFO: Printing Summary report ...
Jun 09, 2020 7:41:25 PM com.sun.faban.driver.engine.MasterImpl generateReports
INFO: Summary finished. Now printing detail ...
Jun 09, 2020 7:41:25 PM com.sun.faban.driver.engine.MasterImpl generateReports
INFO: Detail finished. Results written to /home/cc/elastic-hurryup/db/391.
Jun 09, 2020 7:41:25 PM com.sun.faban.driver.engine.MasterImpl generateReports
INFO: Hash of generated summary.xml file [bhvd/VTHu/d2VvUXo9rJ+Iys3BF3DeKg/f/Djiy4MfZK/w0GYWOlmMPHZe8micm9Q6qNrfV5jSG4zH3z9JmFow==]
