May 01, 2020 10:18:00 PM com.sun.faban.driver.engine.MasterImpl configureAgents
INFO: Configuring 1 SearchDriverAgents...
May 01, 2020 10:18:06 PM com.sun.faban.driver.engine.MasterImpl executeRun
INFO: Started all threads; run commences in 2997 ms
May 01, 2020 10:19:09 PM com.sun.faban.driver.engine.MasterImpl executeRun
INFO: Ramp up completed
May 01, 2020 10:39:09 PM com.sun.faban.driver.engine.MasterImpl executeRun
INFO: Steady state completed
May 01, 2020 10:40:09 PM com.sun.faban.driver.engine.MasterImpl executeRun
INFO: Ramp down completed
May 01, 2020 10:40:09 PM com.sun.faban.driver.engine.MasterImpl getDriverMetrics
INFO: Gathering SearchDriverStats ...
May 01, 2020 10:40:09 PM com.sun.faban.driver.engine.MasterImpl generateReports
INFO: Printing Summary report ...
May 01, 2020 10:40:09 PM com.sun.faban.driver.engine.MasterImpl generateReports
INFO: Summary finished. Now printing detail ...
May 01, 2020 10:40:09 PM com.sun.faban.driver.engine.MasterImpl generateReports
INFO: Detail finished. Results written to /home/cc/elastic-hurryup/db/99.
May 01, 2020 10:40:09 PM com.sun.faban.driver.engine.MasterImpl generateReports
INFO: Hash of generated summary.xml file [+Ax7JMyCfcAtz55NR59tH8VblcxLxKkea5UrqMlmi5BziBn6Z4xHCae9TALY9/wI2hR4xANemM7OiQTBT/wbBw==]
