Apr 28, 2020 10:01:16 PM com.sun.faban.driver.engine.MasterImpl configureAgents
INFO: Configuring 1 SearchDriverAgents...
Apr 28, 2020 10:01:19 PM com.sun.faban.driver.engine.MasterImpl executeRun
INFO: Started all threads; run commences in 2998 ms
Apr 28, 2020 10:02:22 PM com.sun.faban.driver.engine.MasterImpl executeRun
INFO: Ramp up completed
Apr 28, 2020 10:22:22 PM com.sun.faban.driver.engine.MasterImpl executeRun
INFO: Steady state completed
Apr 28, 2020 10:23:22 PM com.sun.faban.driver.engine.MasterImpl executeRun
INFO: Ramp down completed
Apr 28, 2020 10:23:22 PM com.sun.faban.driver.engine.MasterImpl getDriverMetrics
INFO: Gathering SearchDriverStats ...
Apr 28, 2020 10:23:22 PM com.sun.faban.driver.engine.MasterImpl generateReports
INFO: Printing Summary report ...
Apr 28, 2020 10:23:22 PM com.sun.faban.driver.engine.MasterImpl generateReports
INFO: Summary finished. Now printing detail ...
Apr 28, 2020 10:23:22 PM com.sun.faban.driver.engine.MasterImpl generateReports
INFO: Detail finished. Results written to /home/cc/elastic-hurryup/db/79.
Apr 28, 2020 10:23:22 PM com.sun.faban.driver.engine.MasterImpl generateReports
INFO: Hash of generated summary.xml file [/BDfQPVax5DO3Wg4tJvsOtoVthQQki9vvX5qTXyQX4oemKTrFcTLb6uAapMZCoFfI7/SHXx2UARqnQSKa2G13A==]
