May 23, 2020 2:42:41 PM com.sun.faban.driver.engine.MasterImpl configureAgents
INFO: Configuring 1 SearchDriverAgents...
May 23, 2020 2:42:45 PM com.sun.faban.driver.engine.MasterImpl executeRun
INFO: Started all threads; run commences in 2998 ms
May 23, 2020 2:43:18 PM com.sun.faban.driver.engine.MasterImpl executeRun
INFO: Ramp up completed
May 23, 2020 3:03:18 PM com.sun.faban.driver.engine.MasterImpl executeRun
INFO: Steady state completed
May 23, 2020 3:03:48 PM com.sun.faban.driver.engine.MasterImpl executeRun
INFO: Ramp down completed
May 23, 2020 3:03:48 PM com.sun.faban.driver.engine.MasterImpl getDriverMetrics
INFO: Gathering SearchDriverStats ...
May 23, 2020 3:03:48 PM com.sun.faban.driver.engine.MasterImpl generateReports
INFO: Printing Summary report ...
May 23, 2020 3:03:48 PM com.sun.faban.driver.engine.MasterImpl generateReports
INFO: Summary finished. Now printing detail ...
May 23, 2020 3:03:48 PM com.sun.faban.driver.engine.MasterImpl generateReports
INFO: Detail finished. Results written to /home/cc/elastic-hurryup/db/211.
May 23, 2020 3:03:48 PM com.sun.faban.driver.engine.MasterImpl generateReports
INFO: Hash of generated summary.xml file [zZ+faEDfrsoGlCvQF96EYGgS3EQEpzx3yca0fR3RElUJZEiZx08ix68gVf8M6eCHgtJXQqUGe1xkDdnGEros3A==]
