Sep 26, 2022 12:12:08 PM com.sun.faban.driver.engine.MasterImpl configureAgents
INFO: Configuring 1 SearchDriverAgents...
Sep 26, 2022 12:12:12 PM com.sun.faban.driver.engine.MasterImpl executeRun
INFO: Started all threads; run commences in 2998 ms
Sep 26, 2022 12:13:15 PM com.sun.faban.driver.engine.MasterImpl executeRun
INFO: Ramp up completed
Sep 26, 2022 12:33:15 PM com.sun.faban.driver.engine.MasterImpl executeRun
INFO: Steady state completed
Sep 26, 2022 12:34:15 PM com.sun.faban.driver.engine.MasterImpl executeRun
INFO: Ramp down completed
Sep 26, 2022 12:34:15 PM com.sun.faban.driver.engine.MasterImpl getDriverMetrics
INFO: Gathering SearchDriverStats ...
Sep 26, 2022 12:34:15 PM com.sun.faban.driver.engine.MasterImpl generateReports
INFO: Printing Summary report ...
Sep 26, 2022 12:34:15 PM com.sun.faban.driver.engine.MasterImpl generateReports
INFO: Summary finished. Now printing detail ...
Sep 26, 2022 12:34:15 PM com.sun.faban.driver.engine.MasterImpl generateReports
INFO: Detail finished. Results written to /home/cc/elastic-hurryup/db/76.
Sep 26, 2022 12:34:15 PM com.sun.faban.driver.engine.MasterImpl generateReports
INFO: Hash of generated summary.xml file [JSuqbdPwAvaUz5I71GsgxN3nq4x7FHu8X33G+hfl37IbD1aqwyHZLKn5Y7/DjkP+Ni5AHGZn9Za+Tlnt9kCVsw==]
