Jun 11, 2020 3:32:56 PM com.sun.faban.driver.engine.MasterImpl configureAgents
INFO: Configuring 1 SearchDriverAgents...
Jun 11, 2020 3:33:00 PM com.sun.faban.driver.engine.MasterImpl executeRun
INFO: Started all threads; run commences in 2999 ms
Jun 11, 2020 3:33:33 PM com.sun.faban.driver.engine.MasterImpl executeRun
INFO: Ramp up completed
Jun 11, 2020 3:43:33 PM com.sun.faban.driver.engine.MasterImpl executeRun
INFO: Steady state completed
Jun 11, 2020 3:44:03 PM com.sun.faban.driver.engine.MasterImpl executeRun
INFO: Ramp down completed
Jun 11, 2020 3:44:03 PM com.sun.faban.driver.engine.MasterImpl getDriverMetrics
INFO: Gathering SearchDriverStats ...
Jun 11, 2020 3:44:03 PM com.sun.faban.driver.engine.MasterImpl generateReports
INFO: Printing Summary report ...
Jun 11, 2020 3:44:03 PM com.sun.faban.driver.engine.MasterImpl generateReports
INFO: Summary finished. Now printing detail ...
Jun 11, 2020 3:44:03 PM com.sun.faban.driver.engine.MasterImpl generateReports
INFO: Detail finished. Results written to /home/cc/elastic-hurryup/db/436.
Jun 11, 2020 3:44:03 PM com.sun.faban.driver.engine.MasterImpl generateReports
INFO: Hash of generated summary.xml file [47ZwkFBghnd+fMn9B5Wy2vLaI0CtA4m+P2smUq3/Kcu6z3bsVWKEQq5hFtq1O1onhc3qNRLwn10sD/5pjVfW2g==]
