Sep 22, 2022 11:58:02 AM com.sun.faban.driver.engine.MasterImpl configureAgents
INFO: Configuring 1 SearchDriverAgents...
Sep 22, 2022 11:58:06 AM com.sun.faban.driver.engine.MasterImpl executeRun
INFO: Started all threads; run commences in 2998 ms
Sep 22, 2022 11:59:09 AM com.sun.faban.driver.engine.MasterImpl executeRun
INFO: Ramp up completed
Sep 22, 2022 12:19:09 PM com.sun.faban.driver.engine.MasterImpl executeRun
INFO: Steady state completed
Sep 22, 2022 12:20:09 PM com.sun.faban.driver.engine.MasterImpl executeRun
INFO: Ramp down completed
Sep 22, 2022 12:20:09 PM com.sun.faban.driver.engine.MasterImpl getDriverMetrics
INFO: Gathering SearchDriverStats ...
Sep 22, 2022 12:20:09 PM com.sun.faban.driver.engine.MasterImpl generateReports
INFO: Printing Summary report ...
Sep 22, 2022 12:20:09 PM com.sun.faban.driver.engine.MasterImpl generateReports
INFO: Summary finished. Now printing detail ...
Sep 22, 2022 12:20:09 PM com.sun.faban.driver.engine.MasterImpl generateReports
INFO: Detail finished. Results written to /home/cc/elastic-hurryup/db/11.
Sep 22, 2022 12:20:09 PM com.sun.faban.driver.engine.MasterImpl generateReports
INFO: Hash of generated summary.xml file [BYdDUAIbQym+cLVX/DGhLMto55cYWVU9cvgbZnLGfLoPDprfaaik1U8NSlhHukdOjT3ZsMwVyxR4OYE9kZrqug==]
