May 21, 2020 3:04:42 PM com.sun.faban.driver.engine.MasterImpl configureAgents
INFO: Configuring 1 SearchDriverAgents...
May 21, 2020 3:04:46 PM com.sun.faban.driver.engine.MasterImpl executeRun
INFO: Started all threads; run commences in 2999 ms
May 21, 2020 3:05:19 PM com.sun.faban.driver.engine.MasterImpl executeRun
INFO: Ramp up completed
May 21, 2020 3:25:19 PM com.sun.faban.driver.engine.MasterImpl executeRun
INFO: Steady state completed
May 21, 2020 3:25:49 PM com.sun.faban.driver.engine.MasterImpl executeRun
INFO: Ramp down completed
May 21, 2020 3:25:49 PM com.sun.faban.driver.engine.MasterImpl getDriverMetrics
INFO: Gathering SearchDriverStats ...
May 21, 2020 3:25:49 PM com.sun.faban.driver.engine.MasterImpl generateReports
INFO: Printing Summary report ...
May 21, 2020 3:25:49 PM com.sun.faban.driver.engine.MasterImpl generateReports
INFO: Summary finished. Now printing detail ...
May 21, 2020 3:25:49 PM com.sun.faban.driver.engine.MasterImpl generateReports
INFO: Detail finished. Results written to /home/cc/elastic-hurryup/db/186.
May 21, 2020 3:25:49 PM com.sun.faban.driver.engine.MasterImpl generateReports
INFO: Hash of generated summary.xml file [T8dfzePavSgd54NM1AEFAlln0D9ae5h/2wuRxGjjctFH/MDIk2nSYNXQnmbWkSE8PqiI6T6iJzHj7pJGRwxaVQ==]
