Jun 10, 2020 2:20:27 PM com.sun.faban.driver.engine.MasterImpl configureAgents
INFO: Configuring 1 SearchDriverAgents...
Jun 10, 2020 2:20:30 PM com.sun.faban.driver.engine.MasterImpl executeRun
INFO: Started all threads; run commences in 2998 ms
Jun 10, 2020 2:21:03 PM com.sun.faban.driver.engine.MasterImpl executeRun
INFO: Ramp up completed
Jun 10, 2020 2:41:03 PM com.sun.faban.driver.engine.MasterImpl executeRun
INFO: Steady state completed
Jun 10, 2020 2:41:33 PM com.sun.faban.driver.engine.MasterImpl executeRun
INFO: Ramp down completed
Jun 10, 2020 2:41:33 PM com.sun.faban.driver.engine.MasterImpl getDriverMetrics
INFO: Gathering SearchDriverStats ...
Jun 10, 2020 2:41:33 PM com.sun.faban.driver.engine.MasterImpl generateReports
INFO: Printing Summary report ...
Jun 10, 2020 2:41:33 PM com.sun.faban.driver.engine.MasterImpl generateReports
INFO: Summary finished. Now printing detail ...
Jun 10, 2020 2:41:33 PM com.sun.faban.driver.engine.MasterImpl generateReports
INFO: Detail finished. Results written to /home/cc/elastic-hurryup/db/406.
Jun 10, 2020 2:41:33 PM com.sun.faban.driver.engine.MasterImpl generateReports
INFO: Hash of generated summary.xml file [g6XGmxcw51rtBKbpwiKZC7yqi3IQROxbZpaLxt2WsykNnnycIbA5TvGkD92/myi/VSS1D36sfp+wpyx6/iwWeA==]
