Sep 24, 2022 12:44:43 PM com.sun.faban.driver.engine.MasterImpl configureAgents
INFO: Configuring 1 SearchDriverAgents...
Sep 24, 2022 12:44:46 PM com.sun.faban.driver.engine.MasterImpl executeRun
INFO: Started all threads; run commences in 2998 ms
Sep 24, 2022 12:45:49 PM com.sun.faban.driver.engine.MasterImpl executeRun
INFO: Ramp up completed
Sep 24, 2022 1:05:49 PM com.sun.faban.driver.engine.MasterImpl executeRun
INFO: Steady state completed
Sep 24, 2022 1:06:49 PM com.sun.faban.driver.engine.MasterImpl executeRun
INFO: Ramp down completed
Sep 24, 2022 1:06:49 PM com.sun.faban.driver.engine.MasterImpl getDriverMetrics
INFO: Gathering SearchDriverStats ...
Sep 24, 2022 1:06:49 PM com.sun.faban.driver.engine.MasterImpl generateReports
INFO: Printing Summary report ...
Sep 24, 2022 1:06:49 PM com.sun.faban.driver.engine.MasterImpl generateReports
INFO: Summary finished. Now printing detail ...
Sep 24, 2022 1:06:49 PM com.sun.faban.driver.engine.MasterImpl generateReports
INFO: Detail finished. Results written to /home/cc/elastic-hurryup/db/46.
Sep 24, 2022 1:06:49 PM com.sun.faban.driver.engine.MasterImpl generateReports
INFO: Hash of generated summary.xml file [9Kh51+r7MRU4joreJMA9x2yzUEfIRuMB9oV+3kHMsgj5syxy5/MHP1O4A4Zo59jdkPo0ZGjpiwTKDvzYVEbr+g==]
