May 06, 2020 12:32:10 AM com.sun.faban.driver.engine.MasterImpl configureAgents
INFO: Configuring 1 SearchDriverAgents...
May 06, 2020 12:32:15 AM com.sun.faban.driver.engine.MasterImpl executeRun
INFO: Started all threads; run commences in 2997 ms
May 06, 2020 12:33:18 AM com.sun.faban.driver.engine.MasterImpl executeRun
INFO: Ramp up completed
May 06, 2020 12:53:18 AM com.sun.faban.driver.engine.MasterImpl executeRun
INFO: Steady state completed
May 06, 2020 12:54:18 AM com.sun.faban.driver.engine.MasterImpl executeRun
INFO: Ramp down completed
May 06, 2020 12:54:18 AM com.sun.faban.driver.engine.MasterImpl getDriverMetrics
INFO: Gathering SearchDriverStats ...
May 06, 2020 12:54:18 AM com.sun.faban.driver.engine.MasterImpl generateReports
INFO: Printing Summary report ...
May 06, 2020 12:54:18 AM com.sun.faban.driver.engine.MasterImpl generateReports
INFO: Summary finished. Now printing detail ...
May 06, 2020 12:54:18 AM com.sun.faban.driver.engine.MasterImpl generateReports
INFO: Detail finished. Results written to /home/cc/elastic-hurryup/db/127.
May 06, 2020 12:54:18 AM com.sun.faban.driver.engine.MasterImpl generateReports
INFO: Hash of generated summary.xml file [CUAG3jhppVb746qX2u0+okpy7dKIW6pXRb1mkJs6CiHLIBVyM1tnaeVNdVNKINZ2ks0GWcdRRkdakNOqE/PYiw==]
