Sep 23, 2022 1:04:55 AM com.sun.faban.driver.engine.MasterImpl configureAgents
INFO: Configuring 1 SearchDriverAgents...
Sep 23, 2022 1:04:59 AM com.sun.faban.driver.engine.MasterImpl executeRun
INFO: Started all threads; run commences in 2998 ms
Sep 23, 2022 1:06:02 AM com.sun.faban.driver.engine.MasterImpl executeRun
INFO: Ramp up completed
Sep 23, 2022 1:26:02 AM com.sun.faban.driver.engine.MasterImpl executeRun
INFO: Steady state completed
Sep 23, 2022 1:27:02 AM com.sun.faban.driver.engine.MasterImpl executeRun
INFO: Ramp down completed
Sep 23, 2022 1:27:02 AM com.sun.faban.driver.engine.MasterImpl getDriverMetrics
INFO: Gathering SearchDriverStats ...
Sep 23, 2022 1:27:02 AM com.sun.faban.driver.engine.MasterImpl generateReports
INFO: Printing Summary report ...
Sep 23, 2022 1:27:02 AM com.sun.faban.driver.engine.MasterImpl generateReports
INFO: Summary finished. Now printing detail ...
Sep 23, 2022 1:27:02 AM com.sun.faban.driver.engine.MasterImpl generateReports
INFO: Detail finished. Results written to /home/cc/elastic-hurryup/db/23.
Sep 23, 2022 1:27:02 AM com.sun.faban.driver.engine.MasterImpl generateReports
INFO: Hash of generated summary.xml file [s/8ijDxyuzTnU6JpYJxr3mlJpEHcsNs7f5evXruHNm8WXOKF6+meNBJK7Q3ml9NrphA1PaOzMeMh5lGU9SN9pg==]
