Jun 04, 2020 8:59:04 PM com.sun.faban.driver.engine.MasterImpl configureAgents
INFO: Configuring 1 SearchDriverAgents...
Jun 04, 2020 8:59:09 PM com.sun.faban.driver.engine.MasterImpl executeRun
INFO: Started all threads; run commences in 2997 ms
Jun 04, 2020 8:59:42 PM com.sun.faban.driver.engine.MasterImpl executeRun
INFO: Ramp up completed
Jun 04, 2020 9:19:42 PM com.sun.faban.driver.engine.MasterImpl executeRun
INFO: Steady state completed
Jun 04, 2020 9:20:12 PM com.sun.faban.driver.engine.MasterImpl executeRun
INFO: Ramp down completed
Jun 04, 2020 9:20:12 PM com.sun.faban.driver.engine.MasterImpl getDriverMetrics
INFO: Gathering SearchDriverStats ...
Jun 04, 2020 9:20:12 PM com.sun.faban.driver.engine.MasterImpl generateReports
INFO: Printing Summary report ...
Jun 04, 2020 9:20:12 PM com.sun.faban.driver.engine.MasterImpl generateReports
INFO: Summary finished. Now printing detail ...
Jun 04, 2020 9:20:12 PM com.sun.faban.driver.engine.MasterImpl generateReports
INFO: Detail finished. Results written to /home/cc/elastic-hurryup/db/353.
Jun 04, 2020 9:20:12 PM com.sun.faban.driver.engine.MasterImpl generateReports
INFO: Hash of generated summary.xml file [kwZ1f97ItUU3pMg5G9bnOI9rN2EG2ZA/4o6AFAOh3Iar1wl8XzpRVs6ZzndiS1p8QLzww5xZ1qIV8VVJXz+9hA==]
