Jun 01, 2020 12:55:48 AM com.sun.faban.driver.engine.MasterImpl configureAgents
INFO: Configuring 1 SearchDriverAgents...
Jun 01, 2020 12:55:51 AM com.sun.faban.driver.engine.MasterImpl executeRun
INFO: Started all threads; run commences in 2998 ms
Jun 01, 2020 12:56:24 AM com.sun.faban.driver.engine.MasterImpl executeRun
INFO: Ramp up completed
Jun 01, 2020 1:06:24 AM com.sun.faban.driver.engine.MasterImpl executeRun
INFO: Steady state completed
Jun 01, 2020 1:06:54 AM com.sun.faban.driver.engine.MasterImpl executeRun
INFO: Ramp down completed
Jun 01, 2020 1:06:54 AM com.sun.faban.driver.engine.MasterImpl getDriverMetrics
INFO: Gathering SearchDriverStats ...
Jun 01, 2020 1:06:54 AM com.sun.faban.driver.engine.MasterImpl generateReports
INFO: Printing Summary report ...
Jun 01, 2020 1:06:54 AM com.sun.faban.driver.engine.MasterImpl generateReports
INFO: Summary finished. Now printing detail ...
Jun 01, 2020 1:06:54 AM com.sun.faban.driver.engine.MasterImpl generateReports
INFO: Detail finished. Results written to /home/cc/elastic-hurryup/db/303.
Jun 01, 2020 1:06:54 AM com.sun.faban.driver.engine.MasterImpl generateReports
INFO: Hash of generated summary.xml file [1btt82wZKAj/dqfGkwJcmb20ophTUPDOFajk2TLhvXXh3Fg8Gm786qJwdSen6IAVQa7gZ7Fqkiacu4xi7pmowg==]
