Apr 25, 2020 11:21:53 PM com.sun.faban.driver.engine.MasterImpl configureAgents
INFO: Configuring 1 SearchDriverAgents...
Apr 25, 2020 11:21:57 PM com.sun.faban.driver.engine.MasterImpl executeRun
INFO: Started all threads; run commences in 2998 ms
Apr 25, 2020 11:23:00 PM com.sun.faban.driver.engine.MasterImpl executeRun
INFO: Ramp up completed
Apr 25, 2020 11:43:00 PM com.sun.faban.driver.engine.MasterImpl executeRun
INFO: Steady state completed
Apr 25, 2020 11:44:00 PM com.sun.faban.driver.engine.MasterImpl executeRun
INFO: Ramp down completed
Apr 25, 2020 11:44:00 PM com.sun.faban.driver.engine.MasterImpl getDriverMetrics
INFO: Gathering SearchDriverStats ...
Apr 25, 2020 11:44:00 PM com.sun.faban.driver.engine.MasterImpl generateReports
INFO: Printing Summary report ...
Apr 25, 2020 11:44:00 PM com.sun.faban.driver.engine.MasterImpl generateReports
INFO: Summary finished. Now printing detail ...
Apr 25, 2020 11:44:00 PM com.sun.faban.driver.engine.MasterImpl generateReports
INFO: Detail finished. Results written to /home/cc/elastic-hurryup/db/65.
Apr 25, 2020 11:44:00 PM com.sun.faban.driver.engine.MasterImpl generateReports
INFO: Hash of generated summary.xml file [HewfhM/hXb5ioevKVoopSamrtjv3Z7py2cJVXSYy5HAWDvJeyNQTVEsy/iNc7yjveFiNPT8fpRJm62KI+kYCGQ==]
