May 27, 2020 9:01:09 PM com.sun.faban.driver.engine.MasterImpl configureAgents
INFO: Configuring 1 SearchDriverAgents...
May 27, 2020 9:01:13 PM com.sun.faban.driver.engine.MasterImpl executeRun
INFO: Started all threads; run commences in 2997 ms
May 27, 2020 9:01:46 PM com.sun.faban.driver.engine.MasterImpl executeRun
INFO: Ramp up completed
May 27, 2020 9:21:46 PM com.sun.faban.driver.engine.MasterImpl executeRun
INFO: Steady state completed
May 27, 2020 9:22:16 PM com.sun.faban.driver.engine.MasterImpl executeRun
INFO: Ramp down completed
May 27, 2020 9:22:16 PM com.sun.faban.driver.engine.MasterImpl getDriverMetrics
INFO: Gathering SearchDriverStats ...
May 27, 2020 9:22:16 PM com.sun.faban.driver.engine.MasterImpl generateReports
INFO: Printing Summary report ...
May 27, 2020 9:22:16 PM com.sun.faban.driver.engine.MasterImpl generateReports
INFO: Summary finished. Now printing detail ...
May 27, 2020 9:22:16 PM com.sun.faban.driver.engine.MasterImpl generateReports
INFO: Detail finished. Results written to /home/cc/elastic-hurryup/db/243.
May 27, 2020 9:22:16 PM com.sun.faban.driver.engine.MasterImpl generateReports
INFO: Hash of generated summary.xml file [z7MCV2PaUr4Sov/Yn9Wlzf4RwbvbiPJk3AQiWfzORofJLQShXD76a/mUrOY2q02GMIh5MrYT2KbJD0A+E+pN/Q==]
