Jun 10, 2020 2:48:02 AM com.sun.faban.driver.engine.MasterImpl configureAgents
INFO: Configuring 1 SearchDriverAgents...
Jun 10, 2020 2:48:05 AM com.sun.faban.driver.engine.MasterImpl executeRun
INFO: Started all threads; run commences in 2999 ms
Jun 10, 2020 2:48:38 AM com.sun.faban.driver.engine.MasterImpl executeRun
INFO: Ramp up completed
Jun 10, 2020 3:08:38 AM com.sun.faban.driver.engine.MasterImpl executeRun
INFO: Steady state completed
Jun 10, 2020 3:09:08 AM com.sun.faban.driver.engine.MasterImpl executeRun
INFO: Ramp down completed
Jun 10, 2020 3:09:08 AM com.sun.faban.driver.engine.MasterImpl getDriverMetrics
INFO: Gathering SearchDriverStats ...
Jun 10, 2020 3:09:08 AM com.sun.faban.driver.engine.MasterImpl generateReports
INFO: Printing Summary report ...
Jun 10, 2020 3:09:08 AM com.sun.faban.driver.engine.MasterImpl generateReports
INFO: Summary finished. Now printing detail ...
Jun 10, 2020 3:09:08 AM com.sun.faban.driver.engine.MasterImpl generateReports
INFO: Detail finished. Results written to /home/cc/elastic-hurryup/db/403.
Jun 10, 2020 3:09:08 AM com.sun.faban.driver.engine.MasterImpl generateReports
INFO: Hash of generated summary.xml file [anbwekjSq/gBthdv+Vo4GDU2aFIybfVK7JBI3Vo3LA1hXAYGeDhQRQ+rIj3hGqe3T7+KoUIjOJhQg61oYDGoMQ==]
