May 20, 2020 7:56:16 PM com.sun.faban.driver.engine.MasterImpl configureAgents
INFO: Configuring 1 SearchDriverAgents...
May 20, 2020 7:56:20 PM com.sun.faban.driver.engine.MasterImpl executeRun
INFO: Started all threads; run commences in 2998 ms
May 20, 2020 7:56:53 PM com.sun.faban.driver.engine.MasterImpl executeRun
INFO: Ramp up completed
May 20, 2020 8:16:53 PM com.sun.faban.driver.engine.MasterImpl executeRun
INFO: Steady state completed
May 20, 2020 8:17:23 PM com.sun.faban.driver.engine.MasterImpl executeRun
INFO: Ramp down completed
May 20, 2020 8:17:23 PM com.sun.faban.driver.engine.MasterImpl getDriverMetrics
INFO: Gathering SearchDriverStats ...
May 20, 2020 8:17:23 PM com.sun.faban.driver.engine.MasterImpl generateReports
INFO: Printing Summary report ...
May 20, 2020 8:17:23 PM com.sun.faban.driver.engine.MasterImpl generateReports
INFO: Summary finished. Now printing detail ...
May 20, 2020 8:17:23 PM com.sun.faban.driver.engine.MasterImpl generateReports
INFO: Detail finished. Results written to /home/cc/elastic-hurryup/db/166.
May 20, 2020 8:17:23 PM com.sun.faban.driver.engine.MasterImpl generateReports
INFO: Hash of generated summary.xml file [4LsNNsApaoXWr7vy6ERTpTMDlI8BhUkf/A0LEpJOd9gVrQndPUVZ8/9hZptK1nN+bB7n96ihxgskSSsAqHqIRQ==]
