Jun 04, 2020 6:01:49 PM com.sun.faban.driver.engine.MasterImpl configureAgents
INFO: Configuring 1 SearchDriverAgents...
Jun 04, 2020 6:01:52 PM com.sun.faban.driver.engine.MasterImpl executeRun
INFO: Started all threads; run commences in 2999 ms
Jun 04, 2020 6:02:25 PM com.sun.faban.driver.engine.MasterImpl executeRun
INFO: Ramp up completed
Jun 04, 2020 6:22:25 PM com.sun.faban.driver.engine.MasterImpl executeRun
INFO: Steady state completed
Jun 04, 2020 6:22:55 PM com.sun.faban.driver.engine.MasterImpl executeRun
INFO: Ramp down completed
Jun 04, 2020 6:22:55 PM com.sun.faban.driver.engine.MasterImpl getDriverMetrics
INFO: Gathering SearchDriverStats ...
Jun 04, 2020 6:22:55 PM com.sun.faban.driver.engine.MasterImpl generateReports
INFO: Printing Summary report ...
Jun 04, 2020 6:22:55 PM com.sun.faban.driver.engine.MasterImpl generateReports
INFO: Summary finished. Now printing detail ...
Jun 04, 2020 6:22:55 PM com.sun.faban.driver.engine.MasterImpl generateReports
INFO: Detail finished. Results written to /home/cc/elastic-hurryup/db/349.
Jun 04, 2020 6:22:55 PM com.sun.faban.driver.engine.MasterImpl generateReports
INFO: Hash of generated summary.xml file [JvZ59+4zBjzF0R7IIq7cKtoKerzs3wOjjiC0SZ6IiNfV5QpQXVzZM3qI1v7PlqFhE4+6HiM6pZbncYe7kxMmWQ==]
