May 26, 2020 7:40:16 PM com.sun.faban.driver.engine.MasterImpl configureAgents
INFO: Configuring 1 SearchDriverAgents...
May 26, 2020 7:40:20 PM com.sun.faban.driver.engine.MasterImpl executeRun
INFO: Started all threads; run commences in 2997 ms
May 26, 2020 7:40:53 PM com.sun.faban.driver.engine.MasterImpl executeRun
INFO: Ramp up completed
May 26, 2020 8:00:53 PM com.sun.faban.driver.engine.MasterImpl executeRun
INFO: Steady state completed
May 26, 2020 8:01:23 PM com.sun.faban.driver.engine.MasterImpl executeRun
INFO: Ramp down completed
May 26, 2020 8:01:23 PM com.sun.faban.driver.engine.MasterImpl getDriverMetrics
INFO: Gathering SearchDriverStats ...
May 26, 2020 8:01:24 PM com.sun.faban.driver.engine.MasterImpl generateReports
INFO: Printing Summary report ...
May 26, 2020 8:01:24 PM com.sun.faban.driver.engine.MasterImpl generateReports
INFO: Summary finished. Now printing detail ...
May 26, 2020 8:01:24 PM com.sun.faban.driver.engine.MasterImpl generateReports
INFO: Detail finished. Results written to /home/cc/elastic-hurryup/db/227.
May 26, 2020 8:01:24 PM com.sun.faban.driver.engine.MasterImpl generateReports
INFO: Hash of generated summary.xml file [L2HeS93NuK4vP+IoRv/jJMNWWCxhvGso609muuBCnz1fQ7ZALCRndKVGah6kMmEFl3XA77vPDkS1DJyFYk3FTA==]
