Apr 29, 2020 1:48:06 AM com.sun.faban.driver.engine.MasterImpl configureAgents
INFO: Configuring 1 SearchDriverAgents...
Apr 29, 2020 1:48:11 AM com.sun.faban.driver.engine.MasterImpl executeRun
INFO: Started all threads; run commences in 2997 ms
Apr 29, 2020 1:49:14 AM com.sun.faban.driver.engine.MasterImpl executeRun
INFO: Ramp up completed
Apr 29, 2020 2:09:14 AM com.sun.faban.driver.engine.MasterImpl executeRun
INFO: Steady state completed
Apr 29, 2020 2:10:14 AM com.sun.faban.driver.engine.MasterImpl executeRun
INFO: Ramp down completed
Apr 29, 2020 2:10:14 AM com.sun.faban.driver.engine.MasterImpl getDriverMetrics
INFO: Gathering SearchDriverStats ...
Apr 29, 2020 2:10:14 AM com.sun.faban.driver.engine.MasterImpl generateReports
INFO: Printing Summary report ...
Apr 29, 2020 2:10:14 AM com.sun.faban.driver.engine.MasterImpl generateReports
INFO: Summary finished. Now printing detail ...
Apr 29, 2020 2:10:14 AM com.sun.faban.driver.engine.MasterImpl generateReports
INFO: Detail finished. Results written to /home/cc/elastic-hurryup/db/82.
Apr 29, 2020 2:10:14 AM com.sun.faban.driver.engine.MasterImpl generateReports
INFO: Hash of generated summary.xml file [Z+TGeGbcd7iJ856o6HTkjFAjFZn5bWzl0cJaWwqUZ2h1DXPt4KceoWry9MyqgiYzRbVu8C+aeP9JpQyaFwDPrA==]
