Sep 24, 2022 3:21:37 PM com.sun.faban.driver.engine.MasterImpl configureAgents
INFO: Configuring 1 SearchDriverAgents...
Sep 24, 2022 3:21:41 PM com.sun.faban.driver.engine.MasterImpl executeRun
INFO: Started all threads; run commences in 2997 ms
Sep 24, 2022 3:22:44 PM com.sun.faban.driver.engine.MasterImpl executeRun
INFO: Ramp up completed
Sep 24, 2022 3:42:44 PM com.sun.faban.driver.engine.MasterImpl executeRun
INFO: Steady state completed
Sep 24, 2022 3:43:44 PM com.sun.faban.driver.engine.MasterImpl executeRun
INFO: Ramp down completed
Sep 24, 2022 3:43:44 PM com.sun.faban.driver.engine.MasterImpl getDriverMetrics
INFO: Gathering SearchDriverStats ...
Sep 24, 2022 3:43:44 PM com.sun.faban.driver.engine.MasterImpl generateReports
INFO: Printing Summary report ...
Sep 24, 2022 3:43:44 PM com.sun.faban.driver.engine.MasterImpl generateReports
INFO: Summary finished. Now printing detail ...
Sep 24, 2022 3:43:44 PM com.sun.faban.driver.engine.MasterImpl generateReports
INFO: Detail finished. Results written to /home/cc/elastic-hurryup/db/49.
Sep 24, 2022 3:43:44 PM com.sun.faban.driver.engine.MasterImpl generateReports
INFO: Hash of generated summary.xml file [6d+1qhoB5kv6h2HmbyFi/ENukqd6Z87Xk8D/oI0sNtsw8NAfuFfM6OzBHFcuYPK0DfGgvlyXIMkgeaEeLYn/Aw==]
