May 04, 2020 9:44:34 PM com.sun.faban.driver.engine.MasterImpl configureAgents
INFO: Configuring 1 SearchDriverAgents...
May 04, 2020 9:44:39 PM com.sun.faban.driver.engine.MasterImpl executeRun
INFO: Started all threads; run commences in 2997 ms
May 04, 2020 9:45:42 PM com.sun.faban.driver.engine.MasterImpl executeRun
INFO: Ramp up completed
May 04, 2020 10:05:42 PM com.sun.faban.driver.engine.MasterImpl executeRun
INFO: Steady state completed
May 04, 2020 10:06:42 PM com.sun.faban.driver.engine.MasterImpl executeRun
INFO: Ramp down completed
May 04, 2020 10:06:42 PM com.sun.faban.driver.engine.MasterImpl getDriverMetrics
INFO: Gathering SearchDriverStats ...
May 04, 2020 10:06:42 PM com.sun.faban.driver.engine.MasterImpl generateReports
INFO: Printing Summary report ...
May 04, 2020 10:06:42 PM com.sun.faban.driver.engine.MasterImpl generateReports
INFO: Summary finished. Now printing detail ...
May 04, 2020 10:06:42 PM com.sun.faban.driver.engine.MasterImpl generateReports
INFO: Detail finished. Results written to /home/cc/elastic-hurryup/db/119.
May 04, 2020 10:06:42 PM com.sun.faban.driver.engine.MasterImpl generateReports
INFO: Hash of generated summary.xml file [xdOO7y9+9fGhKaMqtZ8xo1TqCgVtgsb70MCL+FvbhT/HP5q3B+b7MNoAxOOtjLHjHjQNUN9xh728Ewz5fIqgTA==]
