Sep 25, 2022 1:19:00 PM com.sun.faban.driver.engine.MasterImpl configureAgents
INFO: Configuring 1 SearchDriverAgents...
Sep 25, 2022 1:19:03 PM com.sun.faban.driver.engine.MasterImpl executeRun
INFO: Started all threads; run commences in 2998 ms
Sep 25, 2022 1:20:06 PM com.sun.faban.driver.engine.MasterImpl executeRun
INFO: Ramp up completed
Sep 25, 2022 1:40:07 PM com.sun.faban.driver.engine.MasterImpl executeRun
INFO: Steady state completed
Sep 25, 2022 1:41:07 PM com.sun.faban.driver.engine.MasterImpl executeRun
INFO: Ramp down completed
Sep 25, 2022 1:41:07 PM com.sun.faban.driver.engine.MasterImpl getDriverMetrics
INFO: Gathering SearchDriverStats ...
Sep 25, 2022 1:41:07 PM com.sun.faban.driver.engine.MasterImpl generateReports
INFO: Printing Summary report ...
Sep 25, 2022 1:41:07 PM com.sun.faban.driver.engine.MasterImpl generateReports
INFO: Summary finished. Now printing detail ...
Sep 25, 2022 1:41:07 PM com.sun.faban.driver.engine.MasterImpl generateReports
INFO: Detail finished. Results written to /home/cc/elastic-hurryup/db/61.
Sep 25, 2022 1:41:07 PM com.sun.faban.driver.engine.MasterImpl generateReports
INFO: Hash of generated summary.xml file [JyQq09OmqE3KrNgd6lkBU9RyRrDvDCbGYnRR5bvr47RfwrowCq/frYO5cm9id/S3XnAejwR8wYNG+bfedEhcpA==]
