May 03, 2020 1:50:03 AM com.sun.faban.driver.engine.MasterImpl configureAgents
INFO: Configuring 1 SearchDriverAgents...
May 03, 2020 1:50:07 AM com.sun.faban.driver.engine.MasterImpl executeRun
INFO: Started all threads; run commences in 2998 ms
May 03, 2020 1:51:10 AM com.sun.faban.driver.engine.MasterImpl executeRun
INFO: Ramp up completed
May 03, 2020 2:11:10 AM com.sun.faban.driver.engine.MasterImpl executeRun
INFO: Steady state completed
May 03, 2020 2:12:10 AM com.sun.faban.driver.engine.MasterImpl executeRun
INFO: Ramp down completed
May 03, 2020 2:12:10 AM com.sun.faban.driver.engine.MasterImpl getDriverMetrics
INFO: Gathering SearchDriverStats ...
May 03, 2020 2:12:10 AM com.sun.faban.driver.engine.MasterImpl generateReports
INFO: Printing Summary report ...
May 03, 2020 2:12:10 AM com.sun.faban.driver.engine.MasterImpl generateReports
INFO: Summary finished. Now printing detail ...
May 03, 2020 2:12:10 AM com.sun.faban.driver.engine.MasterImpl generateReports
INFO: Detail finished. Results written to /home/cc/elastic-hurryup/db/104.
May 03, 2020 2:12:10 AM com.sun.faban.driver.engine.MasterImpl generateReports
INFO: Hash of generated summary.xml file [Q8GGjkFGiAmyYHniMY/idpRXruneEQBXx7eZbbk4Nusrtw/5npx6y3k3Zc1dtWbklJeV7DQdPo9oc8rZUaCN8A==]
