Sep 24, 2022 7:47:54 PM com.sun.faban.driver.engine.MasterImpl configureAgents
INFO: Configuring 1 SearchDriverAgents...
Sep 24, 2022 7:47:58 PM com.sun.faban.driver.engine.MasterImpl executeRun
INFO: Started all threads; run commences in 2998 ms
Sep 24, 2022 7:49:01 PM com.sun.faban.driver.engine.MasterImpl executeRun
INFO: Ramp up completed
Sep 24, 2022 8:09:01 PM com.sun.faban.driver.engine.MasterImpl executeRun
INFO: Steady state completed
Sep 24, 2022 8:10:01 PM com.sun.faban.driver.engine.MasterImpl executeRun
INFO: Ramp down completed
Sep 24, 2022 8:10:01 PM com.sun.faban.driver.engine.MasterImpl getDriverMetrics
INFO: Gathering SearchDriverStats ...
Sep 24, 2022 8:10:01 PM com.sun.faban.driver.engine.MasterImpl generateReports
INFO: Printing Summary report ...
Sep 24, 2022 8:10:01 PM com.sun.faban.driver.engine.MasterImpl generateReports
INFO: Summary finished. Now printing detail ...
Sep 24, 2022 8:10:01 PM com.sun.faban.driver.engine.MasterImpl generateReports
INFO: Detail finished. Results written to /home/cc/elastic-hurryup/db/53.
Sep 24, 2022 8:10:01 PM com.sun.faban.driver.engine.MasterImpl generateReports
INFO: Hash of generated summary.xml file [B6EO1hoHPdQYCGgVhqoeJ0khBeAcYsBBeZjpp0Xy7JNZ2xCq0np7EG5sBF1enlqJ6pVP/QVFkQCJXj0rJSFnfg==]
