May 31, 2020 9:57:25 PM com.sun.faban.driver.engine.MasterImpl configureAgents
INFO: Configuring 1 SearchDriverAgents...
May 31, 2020 9:57:29 PM com.sun.faban.driver.engine.MasterImpl executeRun
INFO: Started all threads; run commences in 2998 ms
May 31, 2020 9:58:02 PM com.sun.faban.driver.engine.MasterImpl executeRun
INFO: Ramp up completed
May 31, 2020 10:08:02 PM com.sun.faban.driver.engine.MasterImpl executeRun
INFO: Steady state completed
May 31, 2020 10:08:32 PM com.sun.faban.driver.engine.MasterImpl executeRun
INFO: Ramp down completed
May 31, 2020 10:08:32 PM com.sun.faban.driver.engine.MasterImpl getDriverMetrics
INFO: Gathering SearchDriverStats ...
May 31, 2020 10:08:32 PM com.sun.faban.driver.engine.MasterImpl generateReports
INFO: Printing Summary report ...
May 31, 2020 10:08:32 PM com.sun.faban.driver.engine.MasterImpl generateReports
INFO: Summary finished. Now printing detail ...
May 31, 2020 10:08:32 PM com.sun.faban.driver.engine.MasterImpl generateReports
INFO: Detail finished. Results written to /home/cc/elastic-hurryup/db/293.
May 31, 2020 10:08:32 PM com.sun.faban.driver.engine.MasterImpl generateReports
INFO: Hash of generated summary.xml file [gvn4TRwIcuMeKXlt+woD4u9Ugy+XuTcmojbkBu0wWceL0rynHpI3Tt9cRXjPN3Brb4yiq9d0jzE0aEPGV0xb4Q==]
