Jun 15, 2020 11:23:46 PM com.sun.faban.driver.engine.MasterImpl configureAgents
INFO: Configuring 1 SearchDriverAgents...
Jun 15, 2020 11:23:51 PM com.sun.faban.driver.engine.MasterImpl executeRun
INFO: Started all threads; run commences in 2997 ms
Jun 15, 2020 11:24:54 PM com.sun.faban.driver.engine.MasterImpl executeRun
INFO: Ramp up completed
Jun 15, 2020 11:44:54 PM com.sun.faban.driver.engine.MasterImpl executeRun
INFO: Steady state completed
Jun 15, 2020 11:45:54 PM com.sun.faban.driver.engine.MasterImpl executeRun
INFO: Ramp down completed
Jun 15, 2020 11:45:54 PM com.sun.faban.driver.engine.MasterImpl getDriverMetrics
INFO: Gathering SearchDriverStats ...
Jun 15, 2020 11:45:54 PM com.sun.faban.driver.engine.MasterImpl generateReports
INFO: Printing Summary report ...
Jun 15, 2020 11:45:54 PM com.sun.faban.driver.engine.MasterImpl generateReports
INFO: Summary finished. Now printing detail ...
Jun 15, 2020 11:45:54 PM com.sun.faban.driver.engine.MasterImpl generateReports
INFO: Detail finished. Results written to /home/cc/elastic-hurryup/db/490.
Jun 15, 2020 11:45:54 PM com.sun.faban.driver.engine.MasterImpl generateReports
INFO: Hash of generated summary.xml file [dW8HkNAtaDFIm/ixwauBRlD7aHGiOWijVhKr8kHG886qQNCTyhoFDrAbHWjldpedainBypcZYtqo+PzXd24TvA==]
