Apr 28, 2020 8:36:39 PM com.sun.faban.driver.engine.MasterImpl configureAgents
INFO: Configuring 1 SearchDriverAgents...
Apr 28, 2020 8:36:44 PM com.sun.faban.driver.engine.MasterImpl executeRun
INFO: Started all threads; run commences in 2996 ms
Apr 28, 2020 8:37:47 PM com.sun.faban.driver.engine.MasterImpl executeRun
INFO: Ramp up completed
Apr 28, 2020 8:57:47 PM com.sun.faban.driver.engine.MasterImpl executeRun
INFO: Steady state completed
Apr 28, 2020 8:58:47 PM com.sun.faban.driver.engine.MasterImpl executeRun
INFO: Ramp down completed
Apr 28, 2020 8:58:47 PM com.sun.faban.driver.engine.MasterImpl getDriverMetrics
INFO: Gathering SearchDriverStats ...
Apr 28, 2020 8:58:47 PM com.sun.faban.driver.engine.MasterImpl generateReports
INFO: Printing Summary report ...
Apr 28, 2020 8:58:47 PM com.sun.faban.driver.engine.MasterImpl generateReports
INFO: Summary finished. Now printing detail ...
Apr 28, 2020 8:58:47 PM com.sun.faban.driver.engine.MasterImpl generateReports
INFO: Detail finished. Results written to /home/cc/elastic-hurryup/db/77.
Apr 28, 2020 8:58:47 PM com.sun.faban.driver.engine.MasterImpl generateReports
INFO: Hash of generated summary.xml file [HEr3dMSxdh8bSkmmSUS07YvplBZuXAimxvcPJyNP191olZD2oKXeYGU7J8o2n9j6EQ6Qq3wxRbKZvQ8IKYByfA==]
