May 04, 2020 9:14:42 PM com.sun.faban.driver.engine.MasterImpl configureAgents
INFO: Configuring 1 SearchDriverAgents...
May 04, 2020 9:14:47 PM com.sun.faban.driver.engine.MasterImpl executeRun
INFO: Started all threads; run commences in 2997 ms
May 04, 2020 9:15:50 PM com.sun.faban.driver.engine.MasterImpl executeRun
INFO: Ramp up completed
May 04, 2020 9:35:50 PM com.sun.faban.driver.engine.MasterImpl executeRun
INFO: Steady state completed
May 04, 2020 9:36:50 PM com.sun.faban.driver.engine.MasterImpl executeRun
INFO: Ramp down completed
May 04, 2020 9:36:50 PM com.sun.faban.driver.engine.MasterImpl getDriverMetrics
INFO: Gathering SearchDriverStats ...
May 04, 2020 9:36:50 PM com.sun.faban.driver.engine.MasterImpl generateReports
INFO: Printing Summary report ...
May 04, 2020 9:36:50 PM com.sun.faban.driver.engine.MasterImpl generateReports
INFO: Summary finished. Now printing detail ...
May 04, 2020 9:36:50 PM com.sun.faban.driver.engine.MasterImpl generateReports
INFO: Detail finished. Results written to /home/cc/elastic-hurryup/db/118.
May 04, 2020 9:36:50 PM com.sun.faban.driver.engine.MasterImpl generateReports
INFO: Hash of generated summary.xml file [NAEhTpuT9Vz+mduFvo5vgeUw7IY37yxw7hK8q5ckALHb18hqeoYGBpAixQUa1A+QbwKAVpP3s8wqwwGzx/GQBw==]
