Jun 16, 2020 5:42:22 PM com.sun.faban.driver.engine.MasterImpl configureAgents
INFO: Configuring 1 SearchDriverAgents...
Jun 16, 2020 5:42:25 PM com.sun.faban.driver.engine.MasterImpl executeRun
INFO: Started all threads; run commences in 2998 ms
Jun 16, 2020 5:43:28 PM com.sun.faban.driver.engine.MasterImpl executeRun
INFO: Ramp up completed
Jun 16, 2020 6:03:28 PM com.sun.faban.driver.engine.MasterImpl executeRun
INFO: Steady state completed
Jun 16, 2020 6:04:28 PM com.sun.faban.driver.engine.MasterImpl executeRun
INFO: Ramp down completed
Jun 16, 2020 6:04:28 PM com.sun.faban.driver.engine.MasterImpl getDriverMetrics
INFO: Gathering SearchDriverStats ...
Jun 16, 2020 6:04:28 PM com.sun.faban.driver.engine.MasterImpl generateReports
INFO: Printing Summary report ...
Jun 16, 2020 6:04:28 PM com.sun.faban.driver.engine.MasterImpl generateReports
INFO: Summary finished. Now printing detail ...
Jun 16, 2020 6:04:28 PM com.sun.faban.driver.engine.MasterImpl generateReports
INFO: Detail finished. Results written to /home/cc/elastic-hurryup/db/511.
Jun 16, 2020 6:04:28 PM com.sun.faban.driver.engine.MasterImpl generateReports
INFO: Hash of generated summary.xml file [JB0xGRVlcUTVfWSWK77D59e+DoaqmQG8aKuchzNrEkibPiLebYQclUjXPpCW3MC3dWYPMjFEPXh4kuzQIIiudQ==]
