Jun 05, 2020 5:09:53 PM com.sun.faban.driver.engine.MasterImpl configureAgents
INFO: Configuring 1 SearchDriverAgents...
Jun 05, 2020 5:09:57 PM com.sun.faban.driver.engine.MasterImpl executeRun
INFO: Started all threads; run commences in 2997 ms
Jun 05, 2020 5:10:30 PM com.sun.faban.driver.engine.MasterImpl executeRun
INFO: Ramp up completed
Jun 05, 2020 5:30:30 PM com.sun.faban.driver.engine.MasterImpl executeRun
INFO: Steady state completed
Jun 05, 2020 5:31:00 PM com.sun.faban.driver.engine.MasterImpl executeRun
INFO: Ramp down completed
Jun 05, 2020 5:31:00 PM com.sun.faban.driver.engine.MasterImpl getDriverMetrics
INFO: Gathering SearchDriverStats ...
Jun 05, 2020 5:31:00 PM com.sun.faban.driver.engine.MasterImpl generateReports
INFO: Printing Summary report ...
Jun 05, 2020 5:31:00 PM com.sun.faban.driver.engine.MasterImpl generateReports
INFO: Summary finished. Now printing detail ...
Jun 05, 2020 5:31:00 PM com.sun.faban.driver.engine.MasterImpl generateReports
INFO: Detail finished. Results written to /home/cc/elastic-hurryup/db/367.
Jun 05, 2020 5:31:00 PM com.sun.faban.driver.engine.MasterImpl generateReports
INFO: Hash of generated summary.xml file [/7Cj5afEPJ042YW9ZumUmubpoM3WagBRDsw7gHN2ujf2GpORX+FDKayrCnthxY55psxcD33o+Gwj8qvJdAGMzA==]
