Jun 06, 2020 5:13:04 AM com.sun.faban.driver.engine.MasterImpl configureAgents
INFO: Configuring 1 SearchDriverAgents...
Jun 06, 2020 5:13:07 AM com.sun.faban.driver.engine.MasterImpl executeRun
INFO: Started all threads; run commences in 2998 ms
Jun 06, 2020 5:13:40 AM com.sun.faban.driver.engine.MasterImpl executeRun
INFO: Ramp up completed
Jun 06, 2020 5:33:40 AM com.sun.faban.driver.engine.MasterImpl executeRun
INFO: Steady state completed
Jun 06, 2020 5:34:10 AM com.sun.faban.driver.engine.MasterImpl executeRun
INFO: Ramp down completed
Jun 06, 2020 5:34:10 AM com.sun.faban.driver.engine.MasterImpl getDriverMetrics
INFO: Gathering SearchDriverStats ...
Jun 06, 2020 5:34:10 AM com.sun.faban.driver.engine.MasterImpl generateReports
INFO: Printing Summary report ...
Jun 06, 2020 5:34:10 AM com.sun.faban.driver.engine.MasterImpl generateReports
INFO: Summary finished. Now printing detail ...
Jun 06, 2020 5:34:10 AM com.sun.faban.driver.engine.MasterImpl generateReports
INFO: Detail finished. Results written to /home/cc/elastic-hurryup/db/378.
Jun 06, 2020 5:34:10 AM com.sun.faban.driver.engine.MasterImpl generateReports
INFO: Hash of generated summary.xml file [4AHSISx4hiGbBtMT5uFxkUotawT0RFiKLfi2T548ehWFsrbjL/HQkdTmxkin2mgCJ4NsV776qAHyLhQbG3QlCQ==]
