May 21, 2020 6:12:51 PM com.sun.faban.driver.engine.MasterImpl configureAgents
INFO: Configuring 1 SearchDriverAgents...
May 21, 2020 6:12:55 PM com.sun.faban.driver.engine.MasterImpl executeRun
INFO: Started all threads; run commences in 2998 ms
May 21, 2020 6:13:28 PM com.sun.faban.driver.engine.MasterImpl executeRun
INFO: Ramp up completed
May 21, 2020 6:33:28 PM com.sun.faban.driver.engine.MasterImpl executeRun
INFO: Steady state completed
May 21, 2020 6:33:58 PM com.sun.faban.driver.engine.MasterImpl executeRun
INFO: Ramp down completed
May 21, 2020 6:33:58 PM com.sun.faban.driver.engine.MasterImpl getDriverMetrics
INFO: Gathering SearchDriverStats ...
May 21, 2020 6:33:58 PM com.sun.faban.driver.engine.MasterImpl generateReports
INFO: Printing Summary report ...
May 21, 2020 6:33:58 PM com.sun.faban.driver.engine.MasterImpl generateReports
INFO: Summary finished. Now printing detail ...
May 21, 2020 6:33:58 PM com.sun.faban.driver.engine.MasterImpl generateReports
INFO: Detail finished. Results written to /home/cc/elastic-hurryup/db/191.
May 21, 2020 6:33:58 PM com.sun.faban.driver.engine.MasterImpl generateReports
INFO: Hash of generated summary.xml file [R1U3HiPDU6IfRZJgNgJzJGoBDeWSxCv6OtMiHjceDaX4TzOvaQE6cbZoDK2U/Mt2t0D1j8beN4r7IlTmy3btSQ==]
