Apr 15, 2020 11:52:32 PM com.sun.faban.driver.engine.MasterImpl configureAgents
INFO: Configuring 1 SearchDriverAgents...
Apr 15, 2020 11:52:37 PM com.sun.faban.driver.engine.MasterImpl executeRun
INFO: Started all threads; run commences in 2998 ms
Apr 15, 2020 11:53:40 PM com.sun.faban.driver.engine.MasterImpl executeRun
INFO: Ramp up completed
Apr 16, 2020 12:13:40 AM com.sun.faban.driver.engine.MasterImpl executeRun
INFO: Steady state completed
Apr 16, 2020 12:14:44 AM com.sun.faban.driver.engine.MasterImpl executeRun
INFO: Ramp down completed
Apr 16, 2020 12:14:44 AM com.sun.faban.driver.engine.MasterImpl getDriverMetrics
INFO: Gathering SearchDriverStats ...
Apr 16, 2020 12:14:44 AM com.sun.faban.driver.engine.MasterImpl generateReports
INFO: Printing Summary report ...
Apr 16, 2020 12:14:44 AM com.sun.faban.driver.engine.MasterImpl generateReports
INFO: Summary finished. Now printing detail ...
Apr 16, 2020 12:14:44 AM com.sun.faban.driver.engine.MasterImpl generateReports
INFO: Detail finished. Results written to /home/cc/elastic-hurryup/db/22.
Apr 16, 2020 12:14:44 AM com.sun.faban.driver.engine.MasterImpl generateReports
INFO: Hash of generated summary.xml file [2SEbiqnLS7d4cuto5rk3XIuffHIrPGpkyiBjPBa2Cr1t6KsruX4FL796YOPtmD7LxqxKmRcF4CA6m9UV3H8YOg==]
