Jun 03, 2020 8:18:15 PM com.sun.faban.driver.engine.MasterImpl configureAgents
INFO: Configuring 1 SearchDriverAgents...
Jun 03, 2020 8:18:18 PM com.sun.faban.driver.engine.MasterImpl executeRun
INFO: Started all threads; run commences in 2997 ms
Jun 03, 2020 8:18:51 PM com.sun.faban.driver.engine.MasterImpl executeRun
INFO: Ramp up completed
Jun 03, 2020 8:38:51 PM com.sun.faban.driver.engine.MasterImpl executeRun
INFO: Steady state completed
Jun 03, 2020 8:39:22 PM com.sun.faban.driver.engine.MasterImpl executeRun
INFO: Ramp down completed
Jun 03, 2020 8:39:22 PM com.sun.faban.driver.engine.MasterImpl getDriverMetrics
INFO: Gathering SearchDriverStats ...
Jun 03, 2020 8:39:22 PM com.sun.faban.driver.engine.MasterImpl generateReports
INFO: Printing Summary report ...
Jun 03, 2020 8:39:22 PM com.sun.faban.driver.engine.MasterImpl generateReports
INFO: Summary finished. Now printing detail ...
Jun 03, 2020 8:39:22 PM com.sun.faban.driver.engine.MasterImpl generateReports
INFO: Detail finished. Results written to /home/cc/elastic-hurryup/db/326.
Jun 03, 2020 8:39:22 PM com.sun.faban.driver.engine.MasterImpl generateReports
INFO: Hash of generated summary.xml file [VF8WLNNrf7wtJ0/8uvxbxfl3nDzSOakNFzVXdS4zSBfd+7CRaoyqryTv4x0yZTIT3XL7uIloEE7ReRcyeKw0Wg==]
