Jun 11, 2020 12:05:49 AM com.sun.faban.driver.engine.MasterImpl configureAgents
INFO: Configuring 1 SearchDriverAgents...
Jun 11, 2020 12:05:53 AM com.sun.faban.driver.engine.MasterImpl executeRun
INFO: Started all threads; run commences in 2999 ms
Jun 11, 2020 12:06:26 AM com.sun.faban.driver.engine.MasterImpl executeRun
INFO: Ramp up completed
Jun 11, 2020 12:16:26 AM com.sun.faban.driver.engine.MasterImpl executeRun
INFO: Steady state completed
Jun 11, 2020 12:16:56 AM com.sun.faban.driver.engine.MasterImpl executeRun
INFO: Ramp down completed
Jun 11, 2020 12:16:56 AM com.sun.faban.driver.engine.MasterImpl getDriverMetrics
INFO: Gathering SearchDriverStats ...
Jun 11, 2020 12:16:56 AM com.sun.faban.driver.engine.MasterImpl generateReports
INFO: Printing Summary report ...
Jun 11, 2020 12:16:56 AM com.sun.faban.driver.engine.MasterImpl generateReports
INFO: Summary finished. Now printing detail ...
Jun 11, 2020 12:16:56 AM com.sun.faban.driver.engine.MasterImpl generateReports
INFO: Detail finished. Results written to /home/cc/elastic-hurryup/db/422.
Jun 11, 2020 12:16:56 AM com.sun.faban.driver.engine.MasterImpl generateReports
INFO: Hash of generated summary.xml file [IbUCDAZmzLgzJmMKeO3Ue5tNvkzk96cyU8fA9B+VpavALvtxbmLs0aBZatvV5+k91tA82uHjyUb1U/JOX/8KYw==]
