Sep 26, 2022 11:13:51 AM com.sun.faban.driver.engine.MasterImpl configureAgents
INFO: Configuring 1 SearchDriverAgents...
Sep 26, 2022 11:13:55 AM com.sun.faban.driver.engine.MasterImpl executeRun
INFO: Started all threads; run commences in 2998 ms
Sep 26, 2022 11:14:58 AM com.sun.faban.driver.engine.MasterImpl executeRun
INFO: Ramp up completed
Sep 26, 2022 11:34:58 AM com.sun.faban.driver.engine.MasterImpl executeRun
INFO: Steady state completed
Sep 26, 2022 11:35:58 AM com.sun.faban.driver.engine.MasterImpl executeRun
INFO: Ramp down completed
Sep 26, 2022 11:35:58 AM com.sun.faban.driver.engine.MasterImpl getDriverMetrics
INFO: Gathering SearchDriverStats ...
Sep 26, 2022 11:35:58 AM com.sun.faban.driver.engine.MasterImpl generateReports
INFO: Printing Summary report ...
Sep 26, 2022 11:35:58 AM com.sun.faban.driver.engine.MasterImpl generateReports
INFO: Summary finished. Now printing detail ...
Sep 26, 2022 11:35:58 AM com.sun.faban.driver.engine.MasterImpl generateReports
INFO: Detail finished. Results written to /home/cc/elastic-hurryup/db/74.
Sep 26, 2022 11:35:58 AM com.sun.faban.driver.engine.MasterImpl generateReports
INFO: Hash of generated summary.xml file [hBKG0EAFIqKo5O5ZaCpFWPo6QSdnX56pjftkLTY8kwiQ4++nqpG1vRWaz2PEMo5c7AZ+pg1YAu9EIHFYl/Poxw==]
