Apr 18, 2020 12:15:38 PM com.sun.faban.driver.engine.MasterImpl configureAgents
INFO: Configuring 1 SearchDriverAgents...
Apr 18, 2020 12:15:42 PM com.sun.faban.driver.engine.MasterImpl executeRun
INFO: Started all threads; run commences in 2999 ms
Apr 18, 2020 12:16:45 PM com.sun.faban.driver.engine.MasterImpl executeRun
INFO: Ramp up completed
Apr 18, 2020 12:36:45 PM com.sun.faban.driver.engine.MasterImpl executeRun
INFO: Steady state completed
Apr 18, 2020 12:37:48 PM com.sun.faban.driver.engine.MasterImpl executeRun
INFO: Ramp down completed
Apr 18, 2020 12:37:48 PM com.sun.faban.driver.engine.MasterImpl getDriverMetrics
INFO: Gathering SearchDriverStats ...
Apr 18, 2020 12:37:49 PM com.sun.faban.driver.engine.MasterImpl generateReports
INFO: Printing Summary report ...
Apr 18, 2020 12:37:49 PM com.sun.faban.driver.engine.MasterImpl generateReports
INFO: Summary finished. Now printing detail ...
Apr 18, 2020 12:37:49 PM com.sun.faban.driver.engine.MasterImpl generateReports
INFO: Detail finished. Results written to /home/cc/elastic-hurryup/db/35.
Apr 18, 2020 12:37:49 PM com.sun.faban.driver.engine.MasterImpl generateReports
INFO: Hash of generated summary.xml file [CQXRruL8lqXMTMfy9A4WGWLXIimfjcjyTI56l8HChs4seueS7+b0mbxjsLK3/X1DNRsPq2X98SE5BQusWTGJ/Q==]
