May 02, 2020 1:05:57 AM com.sun.faban.driver.engine.MasterImpl configureAgents
INFO: Configuring 1 SearchDriverAgents...
May 02, 2020 1:06:02 AM com.sun.faban.driver.engine.MasterImpl executeRun
INFO: Started all threads; run commences in 2996 ms
May 02, 2020 1:07:05 AM com.sun.faban.driver.engine.MasterImpl executeRun
INFO: Ramp up completed
May 02, 2020 1:27:05 AM com.sun.faban.driver.engine.MasterImpl executeRun
INFO: Steady state completed
May 02, 2020 1:28:06 AM com.sun.faban.driver.engine.MasterImpl executeRun
INFO: Ramp down completed
May 02, 2020 1:28:06 AM com.sun.faban.driver.engine.MasterImpl getDriverMetrics
INFO: Gathering SearchDriverStats ...
May 02, 2020 1:28:06 AM com.sun.faban.driver.engine.MasterImpl generateReports
INFO: Printing Summary report ...
May 02, 2020 1:28:06 AM com.sun.faban.driver.engine.MasterImpl generateReports
INFO: Summary finished. Now printing detail ...
May 02, 2020 1:28:06 AM com.sun.faban.driver.engine.MasterImpl generateReports
INFO: Detail finished. Results written to /home/cc/elastic-hurryup/db/102.
May 02, 2020 1:28:06 AM com.sun.faban.driver.engine.MasterImpl generateReports
INFO: Hash of generated summary.xml file [f6ytKvTjStFMW4Hiou8/tgARvXk4ZbqMVhx0/OS2B8FPNkbcoepfir0SZ/ogHyGZNPDaoISPyVSDn/Y9HcqqPQ==]
