Apr 18, 2020 12:48:22 PM com.sun.faban.driver.engine.MasterImpl configureAgents
INFO: Configuring 1 SearchDriverAgents...
Apr 18, 2020 12:48:25 PM com.sun.faban.driver.engine.MasterImpl executeRun
INFO: Started all threads; run commences in 2998 ms
Apr 18, 2020 12:49:28 PM com.sun.faban.driver.engine.MasterImpl executeRun
INFO: Ramp up completed
Apr 18, 2020 1:09:28 PM com.sun.faban.driver.engine.MasterImpl executeRun
INFO: Steady state completed
Apr 18, 2020 1:10:28 PM com.sun.faban.driver.engine.MasterImpl executeRun
INFO: Ramp down completed
Apr 18, 2020 1:10:28 PM com.sun.faban.driver.engine.MasterImpl getDriverMetrics
INFO: Gathering SearchDriverStats ...
Apr 18, 2020 1:10:28 PM com.sun.faban.driver.engine.MasterImpl generateReports
INFO: Printing Summary report ...
Apr 18, 2020 1:10:28 PM com.sun.faban.driver.engine.MasterImpl generateReports
INFO: Summary finished. Now printing detail ...
Apr 18, 2020 1:10:29 PM com.sun.faban.driver.engine.MasterImpl generateReports
INFO: Detail finished. Results written to /home/cc/elastic-hurryup/db/37.
Apr 18, 2020 1:10:29 PM com.sun.faban.driver.engine.MasterImpl generateReports
INFO: Hash of generated summary.xml file [x+PeOTRzLYfcXEQoCILVVmUKMXiXG2CAs5m22WGZjYnsyvCKPoa78A6GxAVsAHIDa67CBKWQZ7nsbddw79sfjw==]
