Jun 04, 2020 6:27:50 PM com.sun.faban.driver.engine.MasterImpl configureAgents
INFO: Configuring 1 SearchDriverAgents...
Jun 04, 2020 6:27:53 PM com.sun.faban.driver.engine.MasterImpl executeRun
INFO: Started all threads; run commences in 2999 ms
Jun 04, 2020 6:28:26 PM com.sun.faban.driver.engine.MasterImpl executeRun
INFO: Ramp up completed
Jun 04, 2020 6:48:26 PM com.sun.faban.driver.engine.MasterImpl executeRun
INFO: Steady state completed
Jun 04, 2020 6:48:56 PM com.sun.faban.driver.engine.MasterImpl executeRun
INFO: Ramp down completed
Jun 04, 2020 6:48:56 PM com.sun.faban.driver.engine.MasterImpl getDriverMetrics
INFO: Gathering SearchDriverStats ...
Jun 04, 2020 6:48:56 PM com.sun.faban.driver.engine.MasterImpl generateReports
INFO: Printing Summary report ...
Jun 04, 2020 6:48:56 PM com.sun.faban.driver.engine.MasterImpl generateReports
INFO: Summary finished. Now printing detail ...
Jun 04, 2020 6:48:56 PM com.sun.faban.driver.engine.MasterImpl generateReports
INFO: Detail finished. Results written to /home/cc/elastic-hurryup/db/350.
Jun 04, 2020 6:48:56 PM com.sun.faban.driver.engine.MasterImpl generateReports
INFO: Hash of generated summary.xml file [PSqqqrbNn3NeJlS/Ub+a4mm8HNiwAjF6FoXBFtcjpAtV3Rs/9M67BwRFcDzpOZT5EU6eDP1bB38EZThvifngIA==]
