Sep 23, 2022 7:31:27 PM com.sun.faban.driver.engine.MasterImpl configureAgents
INFO: Configuring 1 SearchDriverAgents...
Sep 23, 2022 7:31:31 PM com.sun.faban.driver.engine.MasterImpl executeRun
INFO: Started all threads; run commences in 2999 ms
Sep 23, 2022 7:32:34 PM com.sun.faban.driver.engine.MasterImpl executeRun
INFO: Ramp up completed
Sep 23, 2022 7:52:34 PM com.sun.faban.driver.engine.MasterImpl executeRun
INFO: Steady state completed
Sep 23, 2022 7:53:34 PM com.sun.faban.driver.engine.MasterImpl executeRun
INFO: Ramp down completed
Sep 23, 2022 7:53:34 PM com.sun.faban.driver.engine.MasterImpl getDriverMetrics
INFO: Gathering SearchDriverStats ...
Sep 23, 2022 7:53:34 PM com.sun.faban.driver.engine.MasterImpl generateReports
INFO: Printing Summary report ...
Sep 23, 2022 7:53:34 PM com.sun.faban.driver.engine.MasterImpl generateReports
INFO: Summary finished. Now printing detail ...
Sep 23, 2022 7:53:34 PM com.sun.faban.driver.engine.MasterImpl generateReports
INFO: Detail finished. Results written to /home/cc/elastic-hurryup/db/40.
Sep 23, 2022 7:53:34 PM com.sun.faban.driver.engine.MasterImpl generateReports
INFO: Hash of generated summary.xml file [FORimDmb8fSrZHeyEAw1+jDOIOQAxJ8GszJ9cQXa5wF1+6QqD99T4nYuBJUVp0GgtoZdEwo7ffB7N89LqckUYg==]
