May 05, 2020 12:03:30 AM com.sun.faban.driver.engine.MasterImpl configureAgents
INFO: Configuring 1 SearchDriverAgents...
May 05, 2020 12:03:35 AM com.sun.faban.driver.engine.MasterImpl executeRun
INFO: Started all threads; run commences in 2997 ms
May 05, 2020 12:04:38 AM com.sun.faban.driver.engine.MasterImpl executeRun
INFO: Ramp up completed
May 05, 2020 12:24:38 AM com.sun.faban.driver.engine.MasterImpl executeRun
INFO: Steady state completed
May 05, 2020 12:25:38 AM com.sun.faban.driver.engine.MasterImpl executeRun
INFO: Ramp down completed
May 05, 2020 12:25:38 AM com.sun.faban.driver.engine.MasterImpl getDriverMetrics
INFO: Gathering SearchDriverStats ...
May 05, 2020 12:25:38 AM com.sun.faban.driver.engine.MasterImpl generateReports
INFO: Printing Summary report ...
May 05, 2020 12:25:38 AM com.sun.faban.driver.engine.MasterImpl generateReports
INFO: Summary finished. Now printing detail ...
May 05, 2020 12:25:38 AM com.sun.faban.driver.engine.MasterImpl generateReports
INFO: Detail finished. Results written to /home/cc/elastic-hurryup/db/121.
May 05, 2020 12:25:38 AM com.sun.faban.driver.engine.MasterImpl generateReports
INFO: Hash of generated summary.xml file [KzbPMqYurNAfF/ry8M3zxfDhVBrODzGDIIP7UyAgKQDrDqAxMEAzCJucl2Y0/gPEn7VAak7k2uUzXqa+sqN6OA==]
