Apr 16, 2020 1:49:08 AM com.sun.faban.driver.engine.MasterImpl configureAgents
INFO: Configuring 1 SearchDriverAgents...
Apr 16, 2020 1:49:13 AM com.sun.faban.driver.engine.MasterImpl executeRun
INFO: Started all threads; run commences in 2997 ms
Apr 16, 2020 1:50:16 AM com.sun.faban.driver.engine.MasterImpl executeRun
INFO: Ramp up completed
Apr 16, 2020 2:10:16 AM com.sun.faban.driver.engine.MasterImpl executeRun
INFO: Steady state completed
Apr 16, 2020 2:11:29 AM com.sun.faban.driver.engine.MasterImpl executeRun
INFO: Ramp down completed
Apr 16, 2020 2:11:29 AM com.sun.faban.driver.engine.MasterImpl getDriverMetrics
INFO: Gathering SearchDriverStats ...
Apr 16, 2020 2:11:29 AM com.sun.faban.driver.engine.MasterImpl generateReports
INFO: Printing Summary report ...
Apr 16, 2020 2:11:29 AM com.sun.faban.driver.engine.MasterImpl generateReports
INFO: Summary finished. Now printing detail ...
Apr 16, 2020 2:11:30 AM com.sun.faban.driver.engine.MasterImpl generateReports
INFO: Detail finished. Results written to /home/cc/elastic-hurryup/db/24.
Apr 16, 2020 2:11:30 AM com.sun.faban.driver.engine.MasterImpl generateReports
INFO: Hash of generated summary.xml file [tGaJMBP7Zwfh8jp3HORkHJ25rrE6oTvvzUBT0gK90UorKezZCyC6nA9aS0vvdQYc5kTnWdQNMTJ3f53M0mdx1w==]
