Apr 22, 2020 2:48:07 PM com.sun.faban.driver.engine.MasterImpl configureAgents
INFO: Configuring 1 SearchDriverAgents...
Apr 22, 2020 2:48:10 PM com.sun.faban.driver.engine.MasterImpl executeRun
INFO: Started all threads; run commences in 2998 ms
Apr 22, 2020 2:49:13 PM com.sun.faban.driver.engine.MasterImpl executeRun
INFO: Ramp up completed
Apr 22, 2020 3:09:13 PM com.sun.faban.driver.engine.MasterImpl executeRun
INFO: Steady state completed
Apr 22, 2020 3:10:13 PM com.sun.faban.driver.engine.MasterImpl executeRun
INFO: Ramp down completed
Apr 22, 2020 3:10:13 PM com.sun.faban.driver.engine.MasterImpl getDriverMetrics
INFO: Gathering SearchDriverStats ...
Apr 22, 2020 3:10:13 PM com.sun.faban.driver.engine.MasterImpl generateReports
INFO: Printing Summary report ...
Apr 22, 2020 3:10:13 PM com.sun.faban.driver.engine.MasterImpl generateReports
INFO: Summary finished. Now printing detail ...
Apr 22, 2020 3:10:13 PM com.sun.faban.driver.engine.MasterImpl generateReports
INFO: Detail finished. Results written to /home/cc/elastic-hurryup/db/44.
Apr 22, 2020 3:10:13 PM com.sun.faban.driver.engine.MasterImpl generateReports
INFO: Hash of generated summary.xml file [cPXW1q3oYSiecnX4ejJI0kwjJQWJuHA6gLfA5+O3MbtF/+vmWILfSNY1UIrl6oc2Eydd+RnbpwZCcXBySWTBpQ==]
