Apr 23, 2020 12:16:46 AM com.sun.faban.driver.engine.MasterImpl configureAgents
INFO: Configuring 1 SearchDriverAgents...
Apr 23, 2020 12:16:50 AM com.sun.faban.driver.engine.MasterImpl executeRun
INFO: Started all threads; run commences in 2997 ms
Apr 23, 2020 12:17:53 AM com.sun.faban.driver.engine.MasterImpl executeRun
INFO: Ramp up completed
Apr 23, 2020 12:37:53 AM com.sun.faban.driver.engine.MasterImpl executeRun
INFO: Steady state completed
Apr 23, 2020 12:38:58 AM com.sun.faban.driver.engine.MasterImpl executeRun
INFO: Ramp down completed
Apr 23, 2020 12:38:58 AM com.sun.faban.driver.engine.MasterImpl getDriverMetrics
INFO: Gathering SearchDriverStats ...
Apr 23, 2020 12:38:58 AM com.sun.faban.driver.engine.MasterImpl generateReports
INFO: Printing Summary report ...
Apr 23, 2020 12:38:58 AM com.sun.faban.driver.engine.MasterImpl generateReports
INFO: Summary finished. Now printing detail ...
Apr 23, 2020 12:38:58 AM com.sun.faban.driver.engine.MasterImpl generateReports
INFO: Detail finished. Results written to /home/cc/elastic-hurryup/db/49.
Apr 23, 2020 12:38:58 AM com.sun.faban.driver.engine.MasterImpl generateReports
INFO: Hash of generated summary.xml file [Bwb3DkBKDa/jqIqodUdeV33zUc8QXYvPsDplL6OUm9DstFFm4xUVdcHQOgNJ6euQuVQOmTd0bqtWiDlSKWomLg==]
