May 24, 2020 6:17:25 PM com.sun.faban.driver.engine.MasterImpl configureAgents
INFO: Configuring 1 SearchDriverAgents...
May 24, 2020 6:17:30 PM com.sun.faban.driver.engine.MasterImpl executeRun
INFO: Started all threads; run commences in 2997 ms
May 24, 2020 6:18:03 PM com.sun.faban.driver.engine.MasterImpl executeRun
INFO: Ramp up completed
May 24, 2020 6:38:03 PM com.sun.faban.driver.engine.MasterImpl executeRun
INFO: Steady state completed
May 24, 2020 6:38:33 PM com.sun.faban.driver.engine.MasterImpl executeRun
INFO: Ramp down completed
May 24, 2020 6:38:33 PM com.sun.faban.driver.engine.MasterImpl getDriverMetrics
INFO: Gathering SearchDriverStats ...
May 24, 2020 6:38:33 PM com.sun.faban.driver.engine.MasterImpl generateReports
INFO: Printing Summary report ...
May 24, 2020 6:38:33 PM com.sun.faban.driver.engine.MasterImpl generateReports
INFO: Summary finished. Now printing detail ...
May 24, 2020 6:38:33 PM com.sun.faban.driver.engine.MasterImpl generateReports
INFO: Detail finished. Results written to /home/cc/elastic-hurryup/db/221.
May 24, 2020 6:38:33 PM com.sun.faban.driver.engine.MasterImpl generateReports
INFO: Hash of generated summary.xml file [zfREjIPXCDHvIutGdk1DrspgsSdRbUoE7s4dBRH3DM9WYrwttkbgF68fIQqKfldRx1kaUIFYLwQL0AuL9jgrhg==]
