Jun 14, 2020 9:59:09 PM com.sun.faban.driver.engine.MasterImpl configureAgents
INFO: Configuring 1 SearchDriverAgents...
Jun 14, 2020 9:59:13 PM com.sun.faban.driver.engine.MasterImpl executeRun
INFO: Started all threads; run commences in 2997 ms
Jun 14, 2020 10:00:16 PM com.sun.faban.driver.engine.MasterImpl executeRun
INFO: Ramp up completed
Jun 14, 2020 10:20:16 PM com.sun.faban.driver.engine.MasterImpl executeRun
INFO: Steady state completed
Jun 14, 2020 10:21:16 PM com.sun.faban.driver.engine.MasterImpl executeRun
INFO: Ramp down completed
Jun 14, 2020 10:21:16 PM com.sun.faban.driver.engine.MasterImpl getDriverMetrics
INFO: Gathering SearchDriverStats ...
Jun 14, 2020 10:21:17 PM com.sun.faban.driver.engine.MasterImpl generateReports
INFO: Printing Summary report ...
Jun 14, 2020 10:21:17 PM com.sun.faban.driver.engine.MasterImpl generateReports
INFO: Summary finished. Now printing detail ...
Jun 14, 2020 10:21:17 PM com.sun.faban.driver.engine.MasterImpl generateReports
INFO: Detail finished. Results written to /home/cc/elastic-hurryup/db/468.
Jun 14, 2020 10:21:17 PM com.sun.faban.driver.engine.MasterImpl generateReports
INFO: Hash of generated summary.xml file [nVdZ6iuhvMWDOQfB+orbrihSKqicpMigOoz6B9PevR5XXLLoQ3F7PQJSQQHM85pqUBVMnKHaHqIoSH7BwX86cg==]
