May 05, 2020 12:45:06 AM com.sun.faban.driver.engine.MasterImpl configureAgents
INFO: Configuring 1 SearchDriverAgents...
May 05, 2020 12:45:11 AM com.sun.faban.driver.engine.MasterImpl executeRun
INFO: Started all threads; run commences in 2997 ms
May 05, 2020 12:46:14 AM com.sun.faban.driver.engine.MasterImpl executeRun
INFO: Ramp up completed
May 05, 2020 1:06:14 AM com.sun.faban.driver.engine.MasterImpl executeRun
INFO: Steady state completed
May 05, 2020 1:07:14 AM com.sun.faban.driver.engine.MasterImpl executeRun
INFO: Ramp down completed
May 05, 2020 1:07:14 AM com.sun.faban.driver.engine.MasterImpl getDriverMetrics
INFO: Gathering SearchDriverStats ...
May 05, 2020 1:07:14 AM com.sun.faban.driver.engine.MasterImpl generateReports
INFO: Printing Summary report ...
May 05, 2020 1:07:14 AM com.sun.faban.driver.engine.MasterImpl generateReports
INFO: Summary finished. Now printing detail ...
May 05, 2020 1:07:14 AM com.sun.faban.driver.engine.MasterImpl generateReports
INFO: Detail finished. Results written to /home/cc/elastic-hurryup/db/122.
May 05, 2020 1:07:14 AM com.sun.faban.driver.engine.MasterImpl generateReports
INFO: Hash of generated summary.xml file [/eSG1O43MKRu9Ao5LOOjw/K+CUThx2kiaB0sqIQi5YTMEQvteHYhVCJs1rNkl6gKi8rI/85WzH1pnWZhTReYkg==]
