Apr 16, 2020 12:50:30 PM com.sun.faban.driver.engine.MasterImpl configureAgents
INFO: Configuring 1 SearchDriverAgents...
Apr 16, 2020 12:50:35 PM com.sun.faban.driver.engine.MasterImpl executeRun
INFO: Started all threads; run commences in 2998 ms
Apr 16, 2020 12:51:38 PM com.sun.faban.driver.engine.MasterImpl executeRun
INFO: Ramp up completed
Apr 16, 2020 1:11:38 PM com.sun.faban.driver.engine.MasterImpl executeRun
INFO: Steady state completed
Apr 16, 2020 1:12:42 PM com.sun.faban.driver.engine.MasterImpl executeRun
INFO: Ramp down completed
Apr 16, 2020 1:12:42 PM com.sun.faban.driver.engine.MasterImpl getDriverMetrics
INFO: Gathering SearchDriverStats ...
Apr 16, 2020 1:12:42 PM com.sun.faban.driver.engine.MasterImpl generateReports
INFO: Printing Summary report ...
Apr 16, 2020 1:12:42 PM com.sun.faban.driver.engine.MasterImpl generateReports
INFO: Summary finished. Now printing detail ...
Apr 16, 2020 1:12:42 PM com.sun.faban.driver.engine.MasterImpl generateReports
INFO: Detail finished. Results written to /home/cc/elastic-hurryup/db/25.
Apr 16, 2020 1:12:42 PM com.sun.faban.driver.engine.MasterImpl generateReports
INFO: Hash of generated summary.xml file [tPN6HMss1V74K9sZzoQwYMiAwLtATjUF4ypYKCiLBLsLy/+ZQ5l9striSnDfd6EmZmffbpPlgexhpAgM0OkYTQ==]
