Jun 14, 2020 8:52:39 PM com.sun.faban.driver.engine.MasterImpl configureAgents
INFO: Configuring 1 SearchDriverAgents...
Jun 14, 2020 8:52:44 PM com.sun.faban.driver.engine.MasterImpl executeRun
INFO: Started all threads; run commences in 2997 ms
Jun 14, 2020 8:53:47 PM com.sun.faban.driver.engine.MasterImpl executeRun
INFO: Ramp up completed
Jun 14, 2020 9:13:47 PM com.sun.faban.driver.engine.MasterImpl executeRun
INFO: Steady state completed
Jun 14, 2020 9:14:47 PM com.sun.faban.driver.engine.MasterImpl executeRun
INFO: Ramp down completed
Jun 14, 2020 9:14:47 PM com.sun.faban.driver.engine.MasterImpl getDriverMetrics
INFO: Gathering SearchDriverStats ...
Jun 14, 2020 9:14:47 PM com.sun.faban.driver.engine.MasterImpl generateReports
INFO: Printing Summary report ...
Jun 14, 2020 9:14:47 PM com.sun.faban.driver.engine.MasterImpl generateReports
INFO: Summary finished. Now printing detail ...
Jun 14, 2020 9:14:47 PM com.sun.faban.driver.engine.MasterImpl generateReports
INFO: Detail finished. Results written to /home/cc/elastic-hurryup/db/466.
Jun 14, 2020 9:14:47 PM com.sun.faban.driver.engine.MasterImpl generateReports
INFO: Hash of generated summary.xml file [MT2OZx8HVmDcNwdtGcjdxkmzB0rQGX2C3ZvniRPU97+jrmSG9I0e15bovkxVcYsG8lqe7ow9/w8EBwQprqEF5Q==]
