Sep 26, 2022 10:07:53 AM com.sun.faban.driver.engine.MasterImpl configureAgents
INFO: Configuring 1 SearchDriverAgents...
Sep 26, 2022 10:07:57 AM com.sun.faban.driver.engine.MasterImpl executeRun
INFO: Started all threads; run commences in 2998 ms
Sep 26, 2022 10:09:00 AM com.sun.faban.driver.engine.MasterImpl executeRun
INFO: Ramp up completed
Sep 26, 2022 10:29:00 AM com.sun.faban.driver.engine.MasterImpl executeRun
INFO: Steady state completed
Sep 26, 2022 10:30:00 AM com.sun.faban.driver.engine.MasterImpl executeRun
INFO: Ramp down completed
Sep 26, 2022 10:30:00 AM com.sun.faban.driver.engine.MasterImpl getDriverMetrics
INFO: Gathering SearchDriverStats ...
Sep 26, 2022 10:30:00 AM com.sun.faban.driver.engine.MasterImpl generateReports
INFO: Printing Summary report ...
Sep 26, 2022 10:30:00 AM com.sun.faban.driver.engine.MasterImpl generateReports
INFO: Summary finished. Now printing detail ...
Sep 26, 2022 10:30:00 AM com.sun.faban.driver.engine.MasterImpl generateReports
INFO: Detail finished. Results written to /home/cc/elastic-hurryup/db/72.
Sep 26, 2022 10:30:00 AM com.sun.faban.driver.engine.MasterImpl generateReports
INFO: Hash of generated summary.xml file [aVLwO8WUukccodcniwR8zvNWbQJaD3nXIZx0KBiKZ7bvVNGE/FlqoJzCbsdK/QpA8348GeTmLMcSce68Sdx2dA==]
