Apr 16, 2020 1:08:08 AM com.sun.faban.driver.engine.MasterImpl configureAgents
INFO: Configuring 1 SearchDriverAgents...
Apr 16, 2020 1:08:14 AM com.sun.faban.driver.engine.MasterImpl executeRun
INFO: Started all threads; run commences in 2999 ms
Apr 16, 2020 1:09:17 AM com.sun.faban.driver.engine.MasterImpl executeRun
INFO: Ramp up completed
Apr 16, 2020 1:29:17 AM com.sun.faban.driver.engine.MasterImpl executeRun
INFO: Steady state completed
Apr 16, 2020 1:30:26 AM com.sun.faban.driver.engine.MasterImpl executeRun
INFO: Ramp down completed
Apr 16, 2020 1:30:26 AM com.sun.faban.driver.engine.MasterImpl getDriverMetrics
INFO: Gathering SearchDriverStats ...
Apr 16, 2020 1:30:26 AM com.sun.faban.driver.engine.MasterImpl generateReports
INFO: Printing Summary report ...
Apr 16, 2020 1:30:26 AM com.sun.faban.driver.engine.MasterImpl generateReports
INFO: Summary finished. Now printing detail ...
Apr 16, 2020 1:30:26 AM com.sun.faban.driver.engine.MasterImpl generateReports
INFO: Detail finished. Results written to /home/cc/elastic-hurryup/db/23.
Apr 16, 2020 1:30:26 AM com.sun.faban.driver.engine.MasterImpl generateReports
INFO: Hash of generated summary.xml file [UHJ5E/BUlchDdmI+hb0baJ3wSpKxajJFi5mflVyTN9BSaf4LzhBrq5eiJbrULBz1dM5nNx0cs5ijsuMcHhTliQ==]
