Apr 24, 2020 3:09:05 AM com.sun.faban.driver.engine.MasterImpl configureAgents
INFO: Configuring 1 SearchDriverAgents...
Apr 24, 2020 3:09:09 AM com.sun.faban.driver.engine.MasterImpl executeRun
INFO: Started all threads; run commences in 2998 ms
Apr 24, 2020 3:10:12 AM com.sun.faban.driver.engine.MasterImpl executeRun
INFO: Ramp up completed
Apr 24, 2020 3:30:12 AM com.sun.faban.driver.engine.MasterImpl executeRun
INFO: Steady state completed
Apr 24, 2020 3:31:12 AM com.sun.faban.driver.engine.MasterImpl executeRun
INFO: Ramp down completed
Apr 24, 2020 3:31:12 AM com.sun.faban.driver.engine.MasterImpl getDriverMetrics
INFO: Gathering SearchDriverStats ...
Apr 24, 2020 3:31:12 AM com.sun.faban.driver.engine.MasterImpl generateReports
INFO: Printing Summary report ...
Apr 24, 2020 3:31:12 AM com.sun.faban.driver.engine.MasterImpl generateReports
INFO: Summary finished. Now printing detail ...
Apr 24, 2020 3:31:12 AM com.sun.faban.driver.engine.MasterImpl generateReports
INFO: Detail finished. Results written to /home/cc/elastic-hurryup/db/55.
Apr 24, 2020 3:31:12 AM com.sun.faban.driver.engine.MasterImpl generateReports
INFO: Hash of generated summary.xml file [Qv6XIriDWaAlAZeaU/9xc9lbR07RIjo2AF/Wnhr5YgzDlrUJ9L7zRcuoUYSCD822LUxxHLRjrOnmJaexE23IUQ==]
