Sep 24, 2022 4:07:52 PM com.sun.faban.driver.engine.MasterImpl configureAgents
INFO: Configuring 1 SearchDriverAgents...
Sep 24, 2022 4:07:55 PM com.sun.faban.driver.engine.MasterImpl executeRun
INFO: Started all threads; run commences in 2999 ms
Sep 24, 2022 4:08:58 PM com.sun.faban.driver.engine.MasterImpl executeRun
INFO: Ramp up completed
Sep 24, 2022 4:28:58 PM com.sun.faban.driver.engine.MasterImpl executeRun
INFO: Steady state completed
Sep 24, 2022 4:29:58 PM com.sun.faban.driver.engine.MasterImpl executeRun
INFO: Ramp down completed
Sep 24, 2022 4:29:58 PM com.sun.faban.driver.engine.MasterImpl getDriverMetrics
INFO: Gathering SearchDriverStats ...
Sep 24, 2022 4:29:58 PM com.sun.faban.driver.engine.MasterImpl generateReports
INFO: Printing Summary report ...
Sep 24, 2022 4:29:58 PM com.sun.faban.driver.engine.MasterImpl generateReports
INFO: Summary finished. Now printing detail ...
Sep 24, 2022 4:29:58 PM com.sun.faban.driver.engine.MasterImpl generateReports
INFO: Detail finished. Results written to /home/cc/elastic-hurryup/db/50.
Sep 24, 2022 4:29:58 PM com.sun.faban.driver.engine.MasterImpl generateReports
INFO: Hash of generated summary.xml file [YAZQwa/CLgnVU8eP8fmlsupzl/IOXab7umgUKWUwtHTWZpN4szXdYWnEOX4xtcyUVG/8ilsPtdQu/nQNwIEQPA==]
