May 21, 2020 5:34:24 PM com.sun.faban.driver.engine.MasterImpl configureAgents
INFO: Configuring 1 SearchDriverAgents...
May 21, 2020 5:34:28 PM com.sun.faban.driver.engine.MasterImpl executeRun
INFO: Started all threads; run commences in 2999 ms
May 21, 2020 5:35:01 PM com.sun.faban.driver.engine.MasterImpl executeRun
INFO: Ramp up completed
May 21, 2020 5:55:01 PM com.sun.faban.driver.engine.MasterImpl executeRun
INFO: Steady state completed
May 21, 2020 5:55:31 PM com.sun.faban.driver.engine.MasterImpl executeRun
INFO: Ramp down completed
May 21, 2020 5:55:31 PM com.sun.faban.driver.engine.MasterImpl getDriverMetrics
INFO: Gathering SearchDriverStats ...
May 21, 2020 5:55:31 PM com.sun.faban.driver.engine.MasterImpl generateReports
INFO: Printing Summary report ...
May 21, 2020 5:55:31 PM com.sun.faban.driver.engine.MasterImpl generateReports
INFO: Summary finished. Now printing detail ...
May 21, 2020 5:55:31 PM com.sun.faban.driver.engine.MasterImpl generateReports
INFO: Detail finished. Results written to /home/cc/elastic-hurryup/db/190.
May 21, 2020 5:55:31 PM com.sun.faban.driver.engine.MasterImpl generateReports
INFO: Hash of generated summary.xml file [x51Yny/WFuWpPfoQFX2kUkMNzxvPSIdS7PGAeIVZ3CZoGXigNijUWvJw25szcCPRAn8LyErj6nVTvkqK/JSRtg==]
