Apr 18, 2020 1:17:44 PM com.sun.faban.driver.engine.MasterImpl configureAgents
INFO: Configuring 1 SearchDriverAgents...
Apr 18, 2020 1:17:47 PM com.sun.faban.driver.engine.MasterImpl executeRun
INFO: Started all threads; run commences in 2998 ms
Apr 18, 2020 1:18:50 PM com.sun.faban.driver.engine.MasterImpl executeRun
INFO: Ramp up completed
Apr 18, 2020 1:38:50 PM com.sun.faban.driver.engine.MasterImpl executeRun
INFO: Steady state completed
Apr 18, 2020 1:39:56 PM com.sun.faban.driver.engine.MasterImpl executeRun
INFO: Ramp down completed
Apr 18, 2020 1:39:56 PM com.sun.faban.driver.engine.MasterImpl getDriverMetrics
INFO: Gathering SearchDriverStats ...
Apr 18, 2020 1:39:56 PM com.sun.faban.driver.engine.MasterImpl generateReports
INFO: Printing Summary report ...
Apr 18, 2020 1:39:56 PM com.sun.faban.driver.engine.MasterImpl generateReports
INFO: Summary finished. Now printing detail ...
Apr 18, 2020 1:39:56 PM com.sun.faban.driver.engine.MasterImpl generateReports
INFO: Detail finished. Results written to /home/cc/elastic-hurryup/db/38.
Apr 18, 2020 1:39:56 PM com.sun.faban.driver.engine.MasterImpl generateReports
INFO: Hash of generated summary.xml file [iHyvpHcPGkDQg+Q58sWYQG1xry0bCo17TV3FiRuN4SAEKRJ2q9L6j8fo6SVai7/75YrioxkNlkZxmxyVTWzqTg==]
