Apr 22, 2020 10:07:47 PM com.sun.faban.driver.engine.MasterImpl configureAgents
INFO: Configuring 1 SearchDriverAgents...
Apr 22, 2020 10:07:51 PM com.sun.faban.driver.engine.MasterImpl executeRun
INFO: Started all threads; run commences in 2998 ms
Apr 22, 2020 10:08:54 PM com.sun.faban.driver.engine.MasterImpl executeRun
INFO: Ramp up completed
Apr 22, 2020 10:28:54 PM com.sun.faban.driver.engine.MasterImpl executeRun
INFO: Steady state completed
Apr 22, 2020 10:29:55 PM com.sun.faban.driver.engine.MasterImpl executeRun
INFO: Ramp down completed
Apr 22, 2020 10:29:55 PM com.sun.faban.driver.engine.MasterImpl getDriverMetrics
INFO: Gathering SearchDriverStats ...
Apr 22, 2020 10:29:55 PM com.sun.faban.driver.engine.MasterImpl generateReports
INFO: Printing Summary report ...
Apr 22, 2020 10:29:55 PM com.sun.faban.driver.engine.MasterImpl generateReports
INFO: Summary finished. Now printing detail ...
Apr 22, 2020 10:29:55 PM com.sun.faban.driver.engine.MasterImpl generateReports
INFO: Detail finished. Results written to /home/cc/elastic-hurryup/db/47.
Apr 22, 2020 10:29:55 PM com.sun.faban.driver.engine.MasterImpl generateReports
INFO: Hash of generated summary.xml file [SNp51LVuX7W9zuRRhhrtODq7+EytwC+6xwrr9SpRs3Un5McjO6/OqiI+nRbqSVSWpCfHUi6Pag1ZrYIB+nJW+w==]
