May 28, 2020 8:18:02 PM com.sun.faban.driver.engine.MasterImpl configureAgents
INFO: Configuring 1 SearchDriverAgents...
May 28, 2020 8:18:06 PM com.sun.faban.driver.engine.MasterImpl executeRun
INFO: Started all threads; run commences in 2997 ms
May 28, 2020 8:18:39 PM com.sun.faban.driver.engine.MasterImpl executeRun
INFO: Ramp up completed
May 28, 2020 8:38:39 PM com.sun.faban.driver.engine.MasterImpl executeRun
INFO: Steady state completed
May 28, 2020 8:39:10 PM com.sun.faban.driver.engine.MasterImpl executeRun
INFO: Ramp down completed
May 28, 2020 8:39:10 PM com.sun.faban.driver.engine.MasterImpl getDriverMetrics
INFO: Gathering SearchDriverStats ...
May 28, 2020 8:39:10 PM com.sun.faban.driver.engine.MasterImpl generateReports
INFO: Printing Summary report ...
May 28, 2020 8:39:10 PM com.sun.faban.driver.engine.MasterImpl generateReports
INFO: Summary finished. Now printing detail ...
May 28, 2020 8:39:10 PM com.sun.faban.driver.engine.MasterImpl generateReports
INFO: Detail finished. Results written to /home/cc/elastic-hurryup/db/273.
May 28, 2020 8:39:10 PM com.sun.faban.driver.engine.MasterImpl generateReports
INFO: Hash of generated summary.xml file [MUS/w8o1iSISdCsCw3Ho8dVCLDpa9d0irTcZcFYLFoun1CBeAEXi2+/7ERWpslWav7Thi/TQbSwzwBR7cH/+mw==]
